<?xml version="1.0" ?>
<coverage branch-rate="0.0617" branches-covered="53" branches-valid="859" complexity="0" line-rate="0.2103" lines-covered="492" lines-valid="2340" timestamp="1639578149834" version="6.2">
	<!-- Generated by coverage.py: https://coverage.readthedocs.io -->
	<!-- Based on https://raw.githubusercontent.com/cobertura/web/master/htdocs/xml/coverage-04.dtd -->
	<sources>
		<source>/home/runner/work/mkdocs-gallery/mkdocs-gallery</source>
	</sources>
	<packages>
		<package branch-rate="0.0617" complexity="0" line-rate="0.2103" name="mkdocs_gallery">
			<classes>
				<class branch-rate="1" complexity="0" filename="mkdocs_gallery/__init__.py" line-rate="0.8571" name="__init__.py">
					<methods/>
					<lines>
						<line hits="1" number="6"/>
						<line hits="1" number="8"/>
						<line hits="1" number="11"/>
						<line hits="1" number="20"/>
						<line hits="1" number="23"/>
						<line hits="0" number="25"/>
						<line hits="1" number="28"/>
					</lines>
				</class>
				<class branch-rate="1" complexity="0" filename="mkdocs_gallery/_version.py" line-rate="1" name="_version.py">
					<methods/>
					<lines>
						<line hits="1" number="4"/>
						<line hits="1" number="5"/>
					</lines>
				</class>
				<class branch-rate="0.05128" complexity="0" filename="mkdocs_gallery/backreferences.py" line-rate="0.1902" name="backreferences.py">
					<methods/>
					<lines>
						<line hits="1" number="6"/>
						<line hits="1" number="12"/>
						<line hits="1" number="14"/>
						<line hits="1" number="16"/>
						<line hits="1" number="18"/>
						<line hits="1" number="19"/>
						<line hits="1" number="20"/>
						<line hits="1" number="21"/>
						<line hits="1" number="22"/>
						<line hits="1" number="23"/>
						<line hits="1" number="24"/>
						<line hits="1" number="25"/>
						<line hits="1" number="27"/>
						<line hits="1" number="29"/>
						<line hits="1" number="30"/>
						<line hits="1" number="31"/>
						<line branch="true" condition-coverage="100% (2/2)" hits="1" number="34"/>
						<line hits="1" number="37"/>
						<line hits="0" number="39"/>
						<line hits="1" number="41"/>
						<line hits="0" number="44"/>
						<line branch="true" condition-coverage="100% (2/2)" hits="1" number="47"/>
						<line hits="1" number="53"/>
						<line hits="0" number="54"/>
						<line hits="0" number="55"/>
						<line hits="0" number="56"/>
						<line hits="0" number="57"/>
						<line hits="1" number="59"/>
						<line branch="true" condition-coverage="0% (0/2)" hits="0" missing-branches="exit,61" number="60"/>
						<line hits="0" number="61"/>
						<line hits="0" number="62"/>
						<line hits="1" number="64"/>
						<line hits="0" number="65"/>
						<line hits="1" number="67"/>
						<line hits="0" number="68"/>
						<line hits="1" number="70"/>
						<line hits="0" number="71"/>
						<line branch="true" condition-coverage="0% (0/2)" hits="0" missing-branches="73,76" number="72"/>
						<line hits="0" number="73"/>
						<line hits="0" number="74"/>
						<line branch="true" condition-coverage="0% (0/2)" hits="0" missing-branches="78,82" number="76"/>
						<line hits="0" number="78"/>
						<line hits="0" number="79"/>
						<line hits="0" number="82"/>
						<line hits="1" number="84"/>
						<line hits="0" number="85"/>
						<line branch="true" condition-coverage="0% (0/2)" hits="0" missing-branches="87,149" number="86"/>
						<line hits="0" number="87"/>
						<line branch="true" condition-coverage="0% (0/2)" hits="0" missing-branches="90,141" number="89"/>
						<line hits="0" number="90"/>
						<line hits="0" number="91"/>
						<line branch="true" condition-coverage="0% (0/2)" hits="0" missing-branches="89,93" number="92"/>
						<line hits="0" number="93"/>
						<line hits="0" number="94"/>
						<line branch="true" condition-coverage="0% (0/2)" hits="0" missing-branches="96,112" number="95"/>
						<line branch="true" condition-coverage="0% (0/2)" hits="0" missing-branches="97,112" number="96"/>
						<line hits="0" number="97"/>
						<line hits="0" number="99"/>
						<line branch="true" condition-coverage="0% (0/2)" hits="0" missing-branches="101,104" number="100"/>
						<line hits="0" number="101"/>
						<line hits="0" number="102"/>
						<line hits="0" number="103"/>
						<line hits="0" number="104"/>
						<line hits="0" number="105"/>
						<line hits="0" number="106"/>
						<line hits="0" number="107"/>
						<line branch="true" condition-coverage="0% (0/2)" hits="0" missing-branches="96,109" number="108"/>
						<line hits="0" number="109"/>
						<line hits="0" number="110"/>
						<line hits="0" number="111"/>
						<line hits="0" number="112"/>
						<line hits="0" number="113"/>
						<line branch="true" condition-coverage="0% (0/2)" hits="0" missing-branches="116,125" number="114"/>
						<line hits="0" number="116"/>
						<line hits="0" number="117"/>
						<line branch="true" condition-coverage="0% (0/2)" hits="0" missing-branches="119,126" number="118"/>
						<line branch="true" condition-coverage="0% (0/2)" hits="0" missing-branches="121,123" number="119"/>
						<line branch="true" condition-coverage="0% (0/2)" hits="0" missing-branches="119,122" number="121"/>
						<line hits="0" number="122"/>
						<line hits="0" number="123"/>
						<line hits="0" number="125"/>
						<line branch="true" condition-coverage="0% (0/2)" hits="0" missing-branches="89,127" number="126"/>
						<line hits="0" number="127"/>
						<line branch="true" condition-coverage="0% (0/2)" hits="0" missing-branches="126,129" number="128"/>
						<line hits="0" number="129"/>
						<line hits="0" number="130"/>
						<line branch="true" condition-coverage="0% (0/2)" hits="0" missing-branches="126,134" number="133"/>
						<line hits="0" number="134"/>
						<line hits="0" number="136"/>
						<line branch="true" condition-coverage="0% (0/2)" hits="0" missing-branches="86,142" number="141"/>
						<line hits="0" number="142"/>
						<line hits="0" number="143"/>
						<line branch="true" condition-coverage="0% (0/2)" hits="0" missing-branches="141,145" number="144"/>
						<line hits="0" number="145"/>
						<line hits="0" number="146"/>
						<line hits="0" number="147"/>
						<line hits="0" number="149"/>
						<line hits="1" number="152"/>
						<line hits="0" number="159"/>
						<line hits="0" number="160"/>
						<line hits="0" number="161"/>
						<line hits="0" number="162"/>
						<line hits="0" number="164"/>
						<line hits="1" number="167"/>
						<line branch="true" condition-coverage="0% (0/2)" hits="0" missing-branches="170,172" number="169"/>
						<line hits="0" number="170"/>
						<line hits="0" number="172"/>
						<line hits="0" number="174"/>
						<line hits="0" number="176"/>
						<line hits="0" number="177"/>
						<line hits="0" number="178"/>
						<line hits="0" number="180"/>
						<line branch="true" condition-coverage="0% (0/2)" hits="0" missing-branches="182,184" number="181"/>
						<line hits="0" number="182"/>
						<line hits="0" number="184"/>
						<line hits="0" number="185"/>
						<line branch="true" condition-coverage="0% (0/2)" hits="0" missing-branches="187,197" number="186"/>
						<line hits="0" number="187"/>
						<line hits="0" number="189"/>
						<line hits="0" number="190"/>
						<line hits="0" number="192"/>
						<line hits="0" number="193"/>
						<line hits="0" number="195"/>
						<line hits="0" number="196"/>
						<line hits="0" number="197"/>
						<line hits="1" number="200"/>
						<line hits="1" number="209"/>
						<line branch="true" condition-coverage="0% (0/2)" hits="0" missing-branches="213,217" number="212"/>
						<line branch="true" condition-coverage="0% (0/2)" hits="0" missing-branches="exit,214" number="213"/>
						<line hits="0" number="214"/>
						<line hits="0" number="217"/>
						<line branch="true" condition-coverage="0% (0/2)" hits="0" missing-branches="219,220" number="218"/>
						<line hits="0" number="219"/>
						<line hits="0" number="220"/>
						<line branch="true" condition-coverage="0% (0/2)" hits="0" missing-branches="exit,224" number="223"/>
						<line branch="true" condition-coverage="0% (0/2)" hits="0" missing-branches="exit,225" number="224"/>
						<line hits="0" number="225"/>
						<line branch="true" condition-coverage="0% (0/2)" hits="0" missing-branches="229,252" number="228"/>
						<line branch="true" condition-coverage="0% (0/2)" hits="0" missing-branches="230,234" number="229"/>
						<line hits="0" number="230"/>
						<line hits="0" number="234"/>
						<line branch="true" condition-coverage="0% (0/2)" hits="0" missing-branches="236,237" number="235"/>
						<line hits="0" number="236"/>
						<line branch="true" condition-coverage="0% (0/2)" hits="0" missing-branches="238,241" number="237"/>
						<line hits="0" number="238"/>
						<line hits="0" number="239"/>
						<line hits="0" number="241"/>
						<line hits="0" number="243"/>
						<line hits="0" number="246"/>
						<line hits="0" number="247"/>
						<line hits="0" number="250"/>
						<line hits="0" number="252"/>
						<line hits="1" number="256"/>
						<line hits="1" number="273"/>
						<line hits="1" number="281"/>
						<line branch="true" condition-coverage="0% (0/2)" hits="0" missing-branches="304,307" number="302"/>
						<line hits="0" number="304"/>
						<line hits="0" number="307"/>
						<line hits="0" number="310"/>
						<line hits="0" number="312"/>
						<line hits="0" number="313"/>
						<line hits="1" number="317"/>
						<line branch="true" condition-coverage="0% (0/2)" hits="0" missing-branches="exit,337" number="335"/>
						<line hits="0" number="337"/>
						<line hits="0" number="340"/>
						<line hits="0" number="341"/>
						<line branch="true" condition-coverage="0% (0/2)" hits="0" missing-branches="346,349" number="343"/>
						<line hits="0" number="346"/>
						<line hits="0" number="347"/>
						<line hits="0" number="348"/>
						<line hits="0" number="349"/>
						<line hits="0" number="353"/>
						<line hits="1" number="356"/>
						<line hits="0" number="358"/>
						<line branch="true" condition-coverage="0% (0/2)" hits="0" missing-branches="360,362" number="359"/>
						<line hits="0" number="360"/>
						<line branch="true" condition-coverage="0% (0/2)" hits="0" missing-branches="exit,364" number="362"/>
						<line hits="0" number="364"/>
						<line branch="true" condition-coverage="0% (0/2)" hits="0" missing-branches="368,370" number="367"/>
						<line hits="0" number="368"/>
						<line hits="0" number="370"/>
						<line hits="0" number="372"/>
						<line hits="0" number="373"/>
						<line hits="0" number="374"/>
					</lines>
				</class>
				<class branch-rate="0" complexity="0" filename="mkdocs_gallery/binder.py" line-rate="0.16" name="binder.py">
					<methods/>
					<lines>
						<line hits="1" number="6"/>
						<line hits="1" number="10"/>
						<line hits="1" number="11"/>
						<line hits="1" number="12"/>
						<line hits="1" number="14"/>
						<line hits="1" number="16"/>
						<line hits="1" number="17"/>
						<line hits="1" number="18"/>
						<line hits="1" number="20"/>
						<line hits="1" number="23"/>
						<line hits="0" number="39"/>
						<line hits="0" number="40"/>
						<line hits="0" number="43"/>
						<line hits="0" number="44"/>
						<line branch="true" condition-coverage="0% (0/2)" hits="0" missing-branches="48,51" number="47"/>
						<line hits="0" number="48"/>
						<line hits="0" number="51"/>
						<line hits="0" number="54"/>
						<line branch="true" condition-coverage="0% (0/2)" hits="0" missing-branches="61,63" number="60"/>
						<line hits="0" number="61"/>
						<line hits="0" number="63"/>
						<line hits="0" number="64"/>
						<line hits="1" number="67"/>
						<line hits="0" number="94"/>
						<line hits="0" number="103"/>
						<line branch="true" condition-coverage="0% (0/2)" hits="0" missing-branches="106,109" number="104"/>
						<line hits="0" number="106"/>
						<line hits="0" number="107"/>
						<line hits="0" number="109"/>
						<line hits="0" number="112"/>
						<line hits="0" number="119"/>
						<line hits="1" number="122"/>
						<line hits="0" number="131"/>
						<line branch="true" condition-coverage="0% (0/2)" hits="0" missing-branches="134,136" number="133"/>
						<line hits="0" number="134"/>
						<line hits="0" number="136"/>
						<line hits="0" number="137"/>
						<line hits="0" number="138"/>
						<line hits="1" number="141"/>
						<line hits="0" number="143"/>
						<line branch="true" condition-coverage="0% (0/2)" hits="0" missing-branches="145,149" number="144"/>
						<line branch="true" condition-coverage="0% (0/2)" hits="0" missing-branches="144,146" number="145"/>
						<line hits="0" number="146"/>
						<line hits="0" number="149"/>
						<line branch="true" condition-coverage="0% (0/2)" hits="0" missing-branches="151,154" number="150"/>
						<line hits="0" number="151"/>
						<line branch="true" condition-coverage="0% (0/2)" hits="0" missing-branches="exit,155" number="154"/>
						<line hits="0" number="155"/>
						<line hits="1" number="158"/>
						<line hits="0" number="163"/>
						<line branch="true" condition-coverage="0% (0/2)" hits="0" missing-branches="165,174" number="164"/>
						<line branch="true" condition-coverage="0% (0/2)" hits="0" missing-branches="167,168" number="165"/>
						<line hits="0" number="167"/>
						<line branch="true" condition-coverage="0% (0/2)" hits="0" missing-branches="170,173" number="168"/>
						<line hits="0" number="170"/>
						<line hits="0" number="173"/>
						<line hits="0" number="174"/>
						<line hits="1" number="177"/>
						<line hits="0" number="183"/>
						<line hits="0" number="184"/>
						<line hits="0" number="185"/>
						<line hits="0" number="186"/>
						<line hits="0" number="187"/>
						<line hits="0" number="188"/>
						<line branch="true" condition-coverage="0% (0/2)" hits="0" missing-branches="191,193" number="190"/>
						<line hits="0" number="191"/>
						<line hits="0" number="193"/>
						<line branch="true" condition-coverage="0% (0/2)" hits="0" missing-branches="exit,197" number="196"/>
						<line hits="0" number="197"/>
						<line hits="1" number="202"/>
						<line hits="0" number="206"/>
						<line branch="true" condition-coverage="0% (0/2)" hits="0" missing-branches="208,209" number="207"/>
						<line hits="0" number="208"/>
						<line branch="true" condition-coverage="0% (0/2)" hits="0" missing-branches="210,213" number="209"/>
						<line hits="0" number="210"/>
						<line hits="0" number="213"/>
						<line hits="0" number="214"/>
						<line hits="0" number="215"/>
						<line branch="true" condition-coverage="0% (0/2)" hits="0" missing-branches="217,220" number="216"/>
						<line branch="true" condition-coverage="0% (0/2)" hits="0" missing-branches="216,218" number="217"/>
						<line hits="0" number="218"/>
						<line branch="true" condition-coverage="0% (0/2)" hits="0" missing-branches="221,223" number="220"/>
						<line hits="0" number="221"/>
						<line branch="true" condition-coverage="0% (0/2)" hits="0" missing-branches="224,228" number="223"/>
						<line branch="true" condition-coverage="0% (0/2)" hits="0" missing-branches="223,225" number="224"/>
						<line hits="0" number="225"/>
						<line branch="true" condition-coverage="0% (0/3)" hits="0" missing-branches="exit,229,233" number="228"/>
						<line hits="0" number="229"/>
						<line hits="0" number="233"/>
						<line hits="0" number="235"/>
						<line branch="true" condition-coverage="0% (0/2)" hits="0" missing-branches="237,239" number="236"/>
						<line hits="0" number="237"/>
						<line hits="0" number="238"/>
						<line branch="true" condition-coverage="0% (0/2)" hits="0" missing-branches="240,242" number="239"/>
						<line hits="0" number="240"/>
						<line hits="0" number="242"/>
						<line branch="true" condition-coverage="0% (0/2)" hits="0" missing-branches="exit,245" number="244"/>
						<line branch="true" condition-coverage="0% (0/3)" hits="0" missing-branches="exit,246,250" number="245"/>
						<line hits="0" number="246"/>
						<line hits="0" number="250"/>
					</lines>
				</class>
				<class branch-rate="1" complexity="0" filename="mkdocs_gallery/docs_resolv.py" line-rate="1" name="docs_resolv.py">
					<methods/>
					<lines/>
				</class>
				<class branch-rate="0" complexity="0" filename="mkdocs_gallery/downloads.py" line-rate="0" name="downloads.py">
					<methods/>
					<lines>
						<line hits="0" number="6"/>
						<line hits="0" number="10"/>
						<line hits="0" number="12"/>
						<line hits="0" number="14"/>
						<line hits="0" number="16"/>
						<line hits="0" number="17"/>
						<line hits="0" number="19"/>
						<line hits="0" number="22"/>
						<line hits="0" number="44"/>
						<line hits="0" number="47"/>
						<line hits="0" number="48"/>
						<line branch="true" condition-coverage="0% (0/2)" hits="0" missing-branches="50,54" number="49"/>
						<line hits="0" number="50"/>
						<line hits="0" number="51"/>
						<line hits="0" number="54"/>
						<line hits="0" number="56"/>
						<line hits="0" number="59"/>
						<line hits="0" number="75"/>
						<line hits="0" number="78"/>
						<line hits="0" number="79"/>
						<line hits="0" number="81"/>
						<line hits="0" number="82"/>
						<line hits="0" number="89"/>
					</lines>
				</class>
				<class branch-rate="1" complexity="0" filename="mkdocs_gallery/errors.py" line-rate="1" name="errors.py">
					<methods/>
					<lines>
						<line hits="1" number="6"/>
						<line hits="1" number="10"/>
						<line branch="true" condition-coverage="100% (2/2)" hits="1" number="13"/>
						<line branch="true" condition-coverage="100% (2/2)" hits="1" number="20"/>
						<line hits="1" number="21"/>
						<line branch="true" condition-coverage="100% (2/2)" hits="1" number="24"/>
						<line hits="1" number="25"/>
					</lines>
				</class>
				<class branch-rate="0.1667" complexity="0" filename="mkdocs_gallery/gen_data_model.py" line-rate="0.4399" name="gen_data_model.py">
					<methods/>
					<lines>
						<line hits="1" number="6"/>
						<line hits="1" number="10"/>
						<line hits="1" number="12"/>
						<line hits="1" number="14"/>
						<line hits="1" number="16"/>
						<line hits="1" number="17"/>
						<line hits="1" number="18"/>
						<line hits="1" number="20"/>
						<line hits="1" number="22"/>
						<line hits="1" number="24"/>
						<line hits="1" number="25"/>
						<line hits="1" number="28"/>
						<line hits="0" number="29"/>
						<line hits="1" number="32"/>
						<line hits="0" number="35"/>
						<line hits="0" number="38"/>
						<line branch="true" condition-coverage="0% (0/2)" hits="0" missing-branches="40,44" number="39"/>
						<line branch="true" condition-coverage="0% (0/2)" hits="0" missing-branches="39,41" number="40"/>
						<line hits="0" number="41"/>
						<line branch="true" condition-coverage="0% (0/2)" hits="0" missing-branches="40,43" number="42"/>
						<line hits="0" number="43"/>
						<line branch="true" condition-coverage="0% (0/2)" hits="0" missing-branches="45,49" number="44"/>
						<line hits="0" number="45"/>
						<line hits="0" number="49"/>
						<line branch="true" condition-coverage="100% (2/2)" hits="1" number="52"/>
						<line hits="1" number="61"/>
						<line hits="0" number="62"/>
						<line hits="0" number="63"/>
						<line hits="0" number="64"/>
						<line hits="1" number="66"/>
						<line hits="1" number="67"/>
						<line hits="0" number="68"/>
						<line hits="1" number="70"/>
						<line hits="0" number="72"/>
						<line hits="1" number="74"/>
						<line branch="true" condition-coverage="0% (0/2)" hits="0" missing-branches="78,80" number="77"/>
						<line hits="0" number="78"/>
						<line hits="0" number="80"/>
						<line hits="1" number="85"/>
						<line hits="0" number="87"/>
						<line hits="0" number="88"/>
						<line hits="0" number="89"/>
						<line branch="true" condition-coverage="100% (2/2)" hits="1" number="92"/>
						<line hits="1" number="94"/>
						<line hits="1" number="96"/>
						<line hits="0" number="97"/>
						<line hits="0" number="98"/>
						<line hits="0" number="99"/>
						<line hits="0" number="100"/>
						<line hits="0" number="101"/>
						<line hits="1" number="103"/>
						<line hits="1" number="104"/>
						<line hits="0" number="106"/>
						<line branch="true" condition-coverage="100% (2/2)" hits="1" number="109"/>
						<line hits="1" number="111"/>
						<line hits="1" number="115"/>
						<line hits="0" number="117"/>
						<line hits="0" number="120"/>
						<line hits="0" number="123"/>
						<line hits="0" number="126"/>
						<line hits="0" number="129"/>
						<line hits="0" number="132"/>
						<line branch="true" condition-coverage="100% (2/2)" hits="1" number="135"/>
						<line hits="1" number="138"/>
						<line hits="1" number="140"/>
						<line hits="0" number="141"/>
						<line hits="0" number="144"/>
						<line hits="0" number="145"/>
						<line hits="0" number="148"/>
						<line hits="0" number="151"/>
						<line hits="0" number="152"/>
						<line hits="0" number="153"/>
						<line hits="1" number="155"/>
						<line hits="1" number="156"/>
						<line hits="0" number="158"/>
						<line hits="1" number="160"/>
						<line hits="1" number="161"/>
						<line hits="0" number="163"/>
						<line hits="1" number="165"/>
						<line hits="1" number="166"/>
						<line hits="0" number="168"/>
						<line hits="1" number="170"/>
						<line hits="1" number="171"/>
						<line hits="0" number="173"/>
						<line hits="1" number="175"/>
						<line hits="1" number="176"/>
						<line hits="0" number="178"/>
						<line hits="1" number="180"/>
						<line hits="0" number="191"/>
						<line hits="0" number="192"/>
						<line hits="0" number="193"/>
						<line hits="1" number="195"/>
						<line branch="true" condition-coverage="0% (0/2)" hits="0" missing-branches="199,200" number="198"/>
						<line hits="0" number="199"/>
						<line hits="0" number="200"/>
						<line hits="1" number="202"/>
						<line hits="1" number="203"/>
						<line hits="0" number="205"/>
						<line hits="1" number="207"/>
						<line hits="1" number="208"/>
						<line hits="0" number="210"/>
						<line hits="1" number="212"/>
						<line hits="0" number="215"/>
						<line hits="1" number="217"/>
						<line hits="0" number="221"/>
						<line branch="true" condition-coverage="0% (0/2)" hits="0" missing-branches="223,225" number="222"/>
						<line hits="0" number="223"/>
						<line hits="0" number="225"/>
						<line hits="1" number="227"/>
						<line hits="1" number="228"/>
						<line hits="0" number="230"/>
						<line hits="1" number="232"/>
						<line hits="0" number="235"/>
						<line hits="0" number="236"/>
						<line hits="1" number="238"/>
						<line hits="0" number="240"/>
						<line hits="1" number="242"/>
						<line hits="0" number="246"/>
						<line hits="0" number="249"/>
						<line branch="true" condition-coverage="0% (0/2)" hits="0" missing-branches="251,254" number="250"/>
						<line hits="0" number="251"/>
						<line hits="0" number="252"/>
						<line hits="0" number="254"/>
						<line hits="0" number="256"/>
						<line hits="1" number="258"/>
						<line hits="1" number="259"/>
						<line hits="0" number="261"/>
						<line hits="1" number="263"/>
						<line hits="0" number="265"/>
						<line hits="1" number="267"/>
						<line hits="0" number="269"/>
						<line hits="0" number="272"/>
						<line hits="0" number="275"/>
						<line hits="1" number="277"/>
						<line branch="true" condition-coverage="0% (0/2)" hits="0" missing-branches="exit,280" number="279"/>
						<line branch="true" condition-coverage="0% (0/2)" hits="0" missing-branches="279,281" number="280"/>
						<line hits="0" number="281"/>
						<line hits="1" number="283"/>
						<line hits="1" number="284"/>
						<line hits="0" number="286"/>
						<line hits="1" number="288"/>
						<line hits="1" number="289"/>
						<line hits="0" number="291"/>
						<line hits="1" number="293"/>
						<line hits="1" number="294"/>
						<line hits="0" number="296"/>
						<line hits="1" number="298"/>
						<line hits="0" number="307"/>
						<line hits="0" number="308"/>
						<line hits="0" number="311"/>
						<line hits="0" number="312"/>
						<line hits="0" number="313"/>
						<line hits="0" number="316"/>
						<line hits="1" number="318"/>
						<line hits="0" number="330"/>
						<line hits="0" number="331"/>
						<line branch="true" condition-coverage="0% (0/2)" hits="0" missing-branches="336,338" number="334"/>
						<line hits="0" number="336"/>
						<line branch="true" condition-coverage="0% (0/2)" hits="0" missing-branches="341,355" number="338"/>
						<line branch="true" condition-coverage="0% (0/2)" hits="0" missing-branches="342,346" number="341"/>
						<line hits="0" number="342"/>
						<line branch="true" condition-coverage="0% (0/2)" hits="0" missing-branches="347,350" number="346"/>
						<line hits="0" number="347"/>
						<line hits="0" number="350"/>
						<line hits="0" number="355"/>
						<line hits="0" number="357"/>
						<line hits="1" number="359"/>
						<line hits="0" number="361"/>
						<line hits="0" number="362"/>
						<line branch="true" condition-coverage="100% (2/2)" hits="1" number="365"/>
						<line hits="1" number="367"/>
						<line hits="1" number="369"/>
						<line hits="1" number="370"/>
						<line hits="1" number="371"/>
						<line hits="1" number="374"/>
						<line hits="1" number="375"/>
						<line hits="1" number="376"/>
						<line hits="1" number="379"/>
						<line hits="1" number="380"/>
						<line hits="1" number="381"/>
						<line hits="1" number="384"/>
						<line hits="1" number="385"/>
						<line hits="1" number="386"/>
						<line hits="1" number="389"/>
						<line hits="1" number="390"/>
						<line hits="1" number="391"/>
						<line hits="1" number="394"/>
						<line hits="1" number="395"/>
						<line hits="1" number="396"/>
						<line hits="1" number="399"/>
						<line hits="1" number="400"/>
						<line hits="0" number="402"/>
						<line hits="0" number="403"/>
						<line hits="0" number="404"/>
						<line hits="0" number="405"/>
						<line hits="0" number="406"/>
						<line hits="1" number="408"/>
						<line hits="1" number="409"/>
						<line hits="0" number="411"/>
						<line hits="1" number="413"/>
						<line hits="0" number="415"/>
						<line hits="1" number="417"/>
						<line hits="0" number="428"/>
						<line hits="0" number="431"/>
						<line branch="true" condition-coverage="0% (0/2)" hits="0" missing-branches="435,438" number="434"/>
						<line branch="true" condition-coverage="0% (0/2)" hits="0" missing-branches="exit,438" number="435"/>
						<line branch="true" condition-coverage="0% (0/2)" hits="0" missing-branches="439,442" number="438"/>
						<line hits="0" number="439"/>
						<line branch="true" condition-coverage="0% (0/2)" hits="0" missing-branches="exit,exit" number="442"/>
						<line hits="1" number="444"/>
						<line branch="true" condition-coverage="0% (0/2)" hits="0" missing-branches="exit,exit" number="446"/>
						<line hits="1" number="448"/>
						<line hits="1" number="449"/>
						<line hits="1" number="450"/>
						<line hits="1" number="453"/>
						<line hits="1" number="454"/>
						<line hits="1" number="455"/>
						<line hits="1" number="458"/>
						<line hits="1" number="459"/>
						<line hits="1" number="460"/>
						<line hits="1" number="463"/>
						<line branch="true" condition-coverage="0% (0/2)" hits="0" missing-branches="exit,466" number="465"/>
						<line hits="0" number="466"/>
						<line hits="1" number="468"/>
						<line hits="1" number="469"/>
						<line hits="0" number="471"/>
						<line hits="1" number="473"/>
						<line branch="true" condition-coverage="0% (0/2)" hits="0" missing-branches="476,478" number="475"/>
						<line hits="0" number="476"/>
						<line hits="0" number="478"/>
						<line hits="1" number="480"/>
						<line hits="1" number="481"/>
						<line hits="0" number="483"/>
						<line hits="1" number="485"/>
						<line branch="true" condition-coverage="0% (0/2)" hits="0" missing-branches="488,490" number="487"/>
						<line hits="0" number="488"/>
						<line hits="0" number="490"/>
						<line hits="1" number="492"/>
						<line hits="1" number="493"/>
						<line branch="true" condition-coverage="100% (2/2)" hits="1" number="497"/>
						<line hits="1" number="499"/>
						<line hits="1" number="501"/>
						<line hits="0" number="502"/>
						<line hits="1" number="504"/>
						<line hits="0" number="515"/>
						<line hits="0" number="516"/>
						<line hits="0" number="517"/>
						<line hits="1" number="519"/>
						<line hits="1" number="520"/>
						<line hits="0" number="522"/>
						<line hits="1" number="524"/>
						<line hits="0" number="527"/>
						<line hits="1" number="529"/>
						<line hits="1" number="530"/>
						<line hits="0" number="532"/>
						<line hits="1" number="534"/>
						<line hits="0" number="537"/>
						<line hits="1" number="539"/>
						<line hits="0" number="542"/>
						<line hits="1" number="544"/>
						<line hits="0" number="547"/>
						<line hits="1" number="549"/>
						<line hits="1" number="550"/>
						<line hits="0" number="552"/>
						<line hits="1" number="554"/>
						<line hits="0" number="557"/>
						<line hits="1" number="559"/>
						<line hits="0" number="561"/>
						<line branch="true" condition-coverage="100% (2/2)" hits="1" number="564"/>
						<line hits="1" number="569"/>
						<line hits="1" number="571"/>
						<line hits="1" number="573"/>
						<line hits="0" number="593"/>
						<line hits="0" number="594"/>
						<line hits="0" number="595"/>
						<line hits="0" number="598"/>
						<line hits="0" number="599"/>
						<line hits="0" number="600"/>
						<line hits="0" number="602"/>
						<line hits="0" number="605"/>
						<line branch="true" condition-coverage="0% (0/2)" hits="0" missing-branches="exit,609" number="608"/>
						<line hits="0" number="609"/>
						<line hits="1" number="611"/>
						<line hits="0" number="612"/>
						<line hits="1" number="614"/>
						<line hits="1" number="615"/>
						<line hits="0" number="617"/>
						<line hits="1" number="619"/>
						<line hits="1" number="620"/>
						<line hits="0" number="622"/>
						<line hits="1" number="624"/>
						<line hits="1" number="625"/>
						<line hits="0" number="627"/>
						<line hits="1" number="629"/>
						<line hits="1" number="630"/>
						<line hits="0" number="632"/>
						<line hits="1" number="634"/>
						<line hits="1" number="635"/>
						<line hits="0" number="637"/>
						<line hits="1" number="639"/>
						<line hits="0" number="642"/>
						<line branch="true" condition-coverage="0% (0/2)" hits="0" missing-branches="exit,649" number="645"/>
						<line hits="0" number="649"/>
						<line hits="0" number="650"/>
						<line branch="true" condition-coverage="0% (0/2)" hits="0" missing-branches="652,656" number="651"/>
						<line hits="0" number="652"/>
						<line hits="0" number="654"/>
						<line hits="0" number="656"/>
						<line branch="true" condition-coverage="0% (0/2)" hits="0" missing-branches="exit,exit" number="658"/>
						<line hits="1" number="663"/>
						<line branch="true" condition-coverage="0% (0/2)" hits="0" missing-branches="679,683" number="678"/>
						<line branch="true" condition-coverage="0% (0/2)" hits="0" missing-branches="680,683" number="679"/>
						<line hits="0" number="680"/>
						<line hits="0" number="683"/>
						<line hits="1" number="685"/>
						<line hits="0" number="686"/>
						<line branch="true" condition-coverage="0% (0/2)" hits="0" missing-branches="688,690" number="687"/>
						<line branch="true" condition-coverage="0% (0/2)" hits="0" missing-branches="689,690" number="688"/>
						<line hits="0" number="689"/>
						<line hits="0" number="690"/>
						<line hits="1" number="692"/>
						<line hits="0" number="694"/>
						<line hits="1" number="696"/>
						<line hits="1" number="697"/>
						<line hits="0" number="699"/>
						<line hits="1" number="701"/>
						<line hits="0" number="704"/>
						<line hits="1" number="706"/>
						<line hits="0" number="708"/>
						<line branch="true" condition-coverage="0% (0/2)" hits="0" missing-branches="710,713" number="709"/>
						<line branch="true" condition-coverage="0% (0/2)" hits="0" missing-branches="711,713" number="710"/>
						<line hits="0" number="711"/>
						<line hits="0" number="713"/>
						<line hits="1" number="715"/>
						<line hits="1" number="716"/>
						<line hits="0" number="717"/>
						<line hits="1" number="719"/>
						<line hits="1" number="720"/>
						<line hits="0" number="721"/>
						<line hits="1" number="723"/>
						<line hits="1" number="724"/>
						<line hits="0" number="725"/>
						<line hits="1" number="727"/>
						<line hits="1" number="728"/>
						<line hits="0" number="729"/>
						<line branch="true" condition-coverage="100% (2/2)" hits="1" number="732"/>
						<line hits="1" number="734"/>
						<line hits="1" number="736"/>
						<line hits="0" number="759"/>
						<line hits="0" number="761"/>
						<line hits="0" number="762"/>
						<line hits="0" number="764"/>
						<line hits="0" number="766"/>
						<line hits="1" number="768"/>
						<line hits="1" number="769"/>
						<line hits="0" number="770"/>
						<line hits="1" number="772"/>
						<line hits="1" number="773"/>
						<line hits="0" number="774"/>
						<line hits="1" number="776"/>
						<line hits="0" number="788"/>
						<line hits="0" number="789"/>
						<line hits="0" number="792"/>
						<line hits="0" number="796"/>
						<line hits="1" number="798"/>
						<line branch="true" condition-coverage="0% (0/2)" hits="0" missing-branches="exit,801" number="800"/>
						<line hits="0" number="801"/>
						<line hits="1" number="803"/>
						<line branch="true" condition-coverage="0% (0/2)" hits="0" missing-branches="exit,808" number="807"/>
						<line hits="0" number="808"/>
						<line hits="1" number="812"/>
						<line branch="true" condition-coverage="0% (0/2)" hits="0" missing-branches="exit,exit" number="813"/>
						<line hits="1" number="815"/>
						<line hits="0" number="824"/>
						<line hits="0" number="825"/>
						<line branch="true" condition-coverage="0% (0/2)" hits="0" missing-branches="827,830" number="826"/>
						<line hits="0" number="827"/>
						<line hits="0" number="830"/>
						<line hits="0" number="833"/>
						<line hits="0" number="834"/>
						<line branch="true" condition-coverage="0% (0/2)" hits="0" missing-branches="837,839" number="836"/>
						<line hits="0" number="837"/>
						<line branch="true" condition-coverage="0% (0/2)" hits="0" missing-branches="840,843" number="839"/>
						<line hits="0" number="840"/>
						<line hits="0" number="843"/>
						<line branch="true" condition-coverage="0% (0/2)" hits="0" missing-branches="845,848" number="844"/>
						<line hits="0" number="845"/>
						<line branch="true" condition-coverage="0% (0/2)" hits="0" missing-branches="849,852" number="848"/>
						<line hits="0" number="849"/>
						<line hits="0" number="852"/>
						<line hits="0" number="854"/>
					</lines>
				</class>
				<class branch-rate="0" complexity="0" filename="mkdocs_gallery/gen_gallery.py" line-rate="0" name="gen_gallery.py">
					<methods/>
					<lines>
						<line hits="0" number="6"/>
						<line hits="0" number="10"/>
						<line hits="0" number="12"/>
						<line hits="0" number="14"/>
						<line hits="0" number="16"/>
						<line hits="0" number="18"/>
						<line hits="0" number="19"/>
						<line hits="0" number="20"/>
						<line hits="0" number="21"/>
						<line hits="0" number="22"/>
						<line hits="0" number="23"/>
						<line hits="0" number="24"/>
						<line hits="0" number="25"/>
						<line hits="0" number="26"/>
						<line hits="0" number="28"/>
						<line hits="0" number="29"/>
						<line hits="0" number="30"/>
						<line hits="0" number="31"/>
						<line hits="0" number="32"/>
						<line hits="0" number="33"/>
						<line hits="0" number="34"/>
						<line hits="0" number="35"/>
						<line hits="0" number="36"/>
						<line hits="0" number="37"/>
						<line hits="0" number="38"/>
						<line hits="0" number="41"/>
						<line branch="true" condition-coverage="0% (0/2)" hits="0" missing-branches="46,53" number="45"/>
						<line hits="0" number="46"/>
						<line hits="0" number="47"/>
						<line hits="0" number="49"/>
						<line hits="0" number="50"/>
						<line hits="0" number="53"/>
						<line hits="0" number="103"/>
						<line hits="0" number="106"/>
						<line branch="true" condition-coverage="0% (0/2)" hits="0" missing-branches="108,112" number="107"/>
						<line hits="0" number="108"/>
						<line hits="0" number="109"/>
						<line hits="0" number="110"/>
						<line hits="0" number="111"/>
						<line hits="0" number="112"/>
						<line hits="0" number="115"/>
						<line hits="0" number="119"/>
						<line branch="true" condition-coverage="0% (0/2)" hits="0" missing-branches="125,131" number="123"/>
						<line branch="true" condition-coverage="0% (0/2)" hits="0" missing-branches="126,129" number="125"/>
						<line hits="0" number="126"/>
						<line hits="0" number="129"/>
						<line hits="0" number="131"/>
						<line hits="0" number="133"/>
						<line hits="0" number="136"/>
						<line branch="true" condition-coverage="0% (0/2)" hits="0" missing-branches="138,140" number="137"/>
						<line hits="0" number="138"/>
						<line hits="0" number="140"/>
						<line hits="0" number="141"/>
						<line hits="0" number="142"/>
						<line hits="0" number="143"/>
						<line hits="0" number="147"/>
						<line hits="0" number="148"/>
						<line hits="0" number="149"/>
						<line hits="0" number="150"/>
						<line hits="0" number="154"/>
						<line hits="0" number="156"/>
						<line hits="0" number="157"/>
						<line hits="0" number="158"/>
						<line branch="true" condition-coverage="0% (0/2)" hits="0" missing-branches="160,170" number="159"/>
						<line hits="0" number="160"/>
						<line branch="true" condition-coverage="0% (0/2)" hits="0" missing-branches="162,169" number="161"/>
						<line hits="0" number="162"/>
						<line hits="0" number="163"/>
						<line branch="true" condition-coverage="0% (0/2)" hits="0" missing-branches="165,166" number="164"/>
						<line hits="0" number="165"/>
						<line branch="true" condition-coverage="0% (0/2)" hits="0" missing-branches="167,168" number="166"/>
						<line hits="0" number="167"/>
						<line hits="0" number="168"/>
						<line hits="0" number="169"/>
						<line hits="0" number="170"/>
						<line branch="true" condition-coverage="0% (0/2)" hits="0" missing-branches="172,180" number="171"/>
						<line hits="0" number="172"/>
						<line hits="0" number="177"/>
						<line hits="0" number="180"/>
						<line branch="true" condition-coverage="0% (0/2)" hits="0" missing-branches="183,185" number="181"/>
						<line hits="0" number="183"/>
						<line hits="0" number="185"/>
						<line branch="true" condition-coverage="0% (0/2)" hits="0" missing-branches="188,192" number="186"/>
						<line hits="0" number="188"/>
						<line branch="true" condition-coverage="0% (0/2)" hits="0" missing-branches="193,198" number="192"/>
						<line hits="0" number="193"/>
						<line hits="0" number="198"/>
						<line hits="0" number="199"/>
						<line branch="true" condition-coverage="0% (0/2)" hits="0" missing-branches="201,206" number="200"/>
						<line branch="true" condition-coverage="0% (0/2)" hits="0" missing-branches="202,209" number="201"/>
						<line branch="true" condition-coverage="0% (0/2)" hits="0" missing-branches="201,203" number="202"/>
						<line hits="0" number="203"/>
						<line hits="0" number="206"/>
						<line branch="true" condition-coverage="0% (0/2)" hits="0" missing-branches="210,214" number="209"/>
						<line hits="0" number="210"/>
						<line hits="0" number="214"/>
						<line branch="true" condition-coverage="0% (0/2)" hits="0" missing-branches="216,236" number="215"/>
						<line branch="true" condition-coverage="0% (0/2)" hits="0" missing-branches="217,235" number="216"/>
						<line hits="0" number="217"/>
						<line hits="0" number="218"/>
						<line hits="0" number="224"/>
						<line hits="0" number="225"/>
						<line hits="0" number="227"/>
						<line hits="0" number="228"/>
						<line hits="0" number="229"/>
						<line hits="0" number="230"/>
						<line hits="0" number="231"/>
						<line hits="0" number="232"/>
						<line hits="0" number="233"/>
						<line hits="0" number="235"/>
						<line branch="true" condition-coverage="0% (0/2)" hits="0" missing-branches="237,240" number="236"/>
						<line hits="0" number="237"/>
						<line hits="0" number="238"/>
						<line hits="0" number="239"/>
						<line hits="0" number="240"/>
						<line hits="0" number="243"/>
						<line branch="true" condition-coverage="0% (0/2)" hits="0" missing-branches="245,246" number="244"/>
						<line hits="0" number="245"/>
						<line hits="0" number="246"/>
						<line branch="true" condition-coverage="0% (0/2)" hits="0" missing-branches="248,263" number="247"/>
						<line branch="true" condition-coverage="0% (0/2)" hits="0" missing-branches="249,261" number="248"/>
						<line branch="true" condition-coverage="0% (0/2)" hits="0" missing-branches="250,252" number="249"/>
						<line hits="0" number="250"/>
						<line hits="0" number="252"/>
						<line hits="0" number="253"/>
						<line hits="0" number="254"/>
						<line hits="0" number="255"/>
						<line hits="0" number="256"/>
						<line hits="0" number="257"/>
						<line hits="0" number="258"/>
						<line hits="0" number="260"/>
						<line branch="true" condition-coverage="0% (0/2)" hits="0" missing-branches="247,262" number="261"/>
						<line hits="0" number="262"/>
						<line hits="0" number="263"/>
						<line hits="0" number="264"/>
						<line hits="0" number="274"/>
						<line hits="0" number="275"/>
						<line hits="0" number="276"/>
						<line hits="0" number="277"/>
						<line hits="0" number="280"/>
						<line branch="true" condition-coverage="0% (0/2)" hits="0" missing-branches="282,283" number="281"/>
						<line hits="0" number="282"/>
						<line branch="true" condition-coverage="0% (0/2)" hits="0" missing-branches="284,286" number="283"/>
						<line hits="0" number="284"/>
						<line hits="0" number="286"/>
						<line hits="0" number="287"/>
						<line hits="0" number="288"/>
						<line branch="true" condition-coverage="0% (0/2)" hits="0" missing-branches="290,297" number="289"/>
						<line branch="true" condition-coverage="0% (0/2)" hits="0" missing-branches="289,291" number="290"/>
						<line branch="true" condition-coverage="0% (0/2)" hits="0" missing-branches="292,294" number="291"/>
						<line hits="0" number="292"/>
						<line hits="0" number="293"/>
						<line hits="0" number="294"/>
						<line branch="true" condition-coverage="0% (0/2)" hits="0" missing-branches="exit,298" number="297"/>
						<line branch="true" condition-coverage="0% (0/2)" hits="0" missing-branches="299,303" number="298"/>
						<line hits="0" number="299"/>
						<line hits="0" number="302"/>
						<line hits="0" number="303"/>
						<line hits="0" number="304"/>
						<line hits="0" number="307"/>
						<line branch="true" condition-coverage="0% (0/2)" hits="0" missing-branches="309,310" number="308"/>
						<line hits="0" number="309"/>
						<line hits="0" number="310"/>
						<line branch="true" condition-coverage="0% (0/2)" hits="0" missing-branches="312,320" number="311"/>
						<line branch="true" condition-coverage="0% (0/2)" hits="0" missing-branches="313,317" number="312"/>
						<line branch="true" condition-coverage="0% (0/2)" hits="0" missing-branches="314,316" number="313"/>
						<line hits="0" number="314"/>
						<line hits="0" number="316"/>
						<line branch="true" condition-coverage="0% (0/2)" hits="0" missing-branches="311,318" number="317"/>
						<line hits="0" number="318"/>
						<line hits="0" number="320"/>
						<line hits="0" number="322"/>
						<line hits="0" number="323"/>
						<line hits="0" number="324"/>
						<line hits="0" number="327"/>
						<line branch="true" condition-coverage="0% (0/2)" hits="0" missing-branches="329,332" number="328"/>
						<line hits="0" number="329"/>
						<line hits="0" number="332"/>
						<line branch="true" condition-coverage="0% (0/2)" hits="0" missing-branches="334,366" number="333"/>
						<line hits="0" number="334"/>
						<line hits="0" number="366"/>
						<line branch="true" condition-coverage="0% (0/2)" hits="0" missing-branches="369,373" number="367"/>
						<line hits="0" number="369"/>
						<line branch="true" condition-coverage="0% (0/2)" hits="0" missing-branches="374,377" number="373"/>
						<line hits="0" number="374"/>
						<line hits="0" number="377"/>
						<line branch="true" condition-coverage="0% (0/2)" hits="0" missing-branches="380,389" number="379"/>
						<line hits="0" number="380"/>
						<line hits="0" number="389"/>
						<line hits="0" number="392"/>
						<line hits="0" number="403"/>
						<line hits="0" number="406"/>
						<line hits="0" number="407"/>
						<line hits="0" number="410"/>
						<line hits="0" number="413"/>
						<line hits="0" number="416"/>
						<line hits="0" number="417"/>
						<line hits="0" number="418"/>
						<line hits="0" number="421"/>
						<line branch="true" condition-coverage="0% (0/2)" hits="0" missing-branches="424,480" number="422"/>
						<line hits="0" number="424"/>
						<line hits="0" number="425"/>
						<line hits="0" number="428"/>
						<line branch="true" condition-coverage="0% (0/2)" hits="0" missing-branches="exit,432" number="431"/>
						<line hits="0" number="432"/>
						<line branch="true" condition-coverage="0% (0/2)" hits="0" missing-branches="435,438" number="433"/>
						<line hits="0" number="435"/>
						<line hits="0" number="438"/>
						<line hits="0" number="439"/>
						<line hits="0" number="442"/>
						<line hits="0" number="443"/>
						<line hits="0" number="445"/>
						<line branch="true" condition-coverage="0% (0/2)" hits="0" missing-branches="450,468" number="448"/>
						<line hits="0" number="450"/>
						<line hits="0" number="451"/>
						<line hits="0" number="454"/>
						<line branch="true" condition-coverage="0% (0/2)" hits="0" missing-branches="exit,458" number="457"/>
						<line hits="0" number="458"/>
						<line hits="0" number="460"/>
						<line hits="0" number="462"/>
						<line hits="0" number="465"/>
						<line branch="true" condition-coverage="0% (0/2)" hits="0" missing-branches="469,473" number="468"/>
						<line hits="0" number="469"/>
						<line hits="0" number="470"/>
						<line branch="true" condition-coverage="0% (0/2)" hits="0" missing-branches="474,477" number="473"/>
						<line hits="0" number="474"/>
						<line hits="0" number="477"/>
						<line hits="0" number="480"/>
						<line branch="true" condition-coverage="0% (0/2)" hits="0" missing-branches="483,500" number="482"/>
						<line hits="0" number="483"/>
						<line hits="0" number="484"/>
						<line branch="true" condition-coverage="0% (0/2)" hits="0" missing-branches="486,497" number="485"/>
						<line hits="0" number="486"/>
						<line branch="true" condition-coverage="0% (0/2)" hits="0" missing-branches="488,491" number="487"/>
						<line hits="0" number="488"/>
						<line hits="0" number="489"/>
						<line hits="0" number="491"/>
						<line branch="true" condition-coverage="0% (0/2)" hits="0" missing-branches="485,493" number="492"/>
						<line hits="0" number="493"/>
						<line hits="0" number="494"/>
						<line branch="true" condition-coverage="0% (0/2)" hits="0" missing-branches="498,500" number="497"/>
						<line hits="0" number="498"/>
						<line hits="0" number="500"/>
						<line hits="0" number="503"/>
						<line branch="true" condition-coverage="0% (0/2)" hits="0" missing-branches="exit,exit" number="505"/>
						<line hits="0" number="508"/>
						<line hits="0" number="519"/>
						<line branch="true" condition-coverage="0% (0/2)" hits="0" missing-branches="exit,524" number="522"/>
						<line hits="0" number="524"/>
						<line branch="true" condition-coverage="0% (0/2)" hits="0" missing-branches="531,534" number="530"/>
						<line hits="0" number="531"/>
						<line branch="true" condition-coverage="0% (0/2)" hits="0" missing-branches="535,538" number="534"/>
						<line hits="0" number="535"/>
						<line hits="0" number="536"/>
						<line branch="true" condition-coverage="0% (0/2)" hits="0" missing-branches="539,541" number="538"/>
						<line hits="0" number="539"/>
						<line hits="0" number="541"/>
						<line hits="0" number="544"/>
						<line hits="0" number="546"/>
						<line hits="0" number="547"/>
						<line hits="0" number="548"/>
						<line hits="0" number="550"/>
						<line hits="0" number="553"/>
						<line hits="0" number="555"/>
						<line hits="0" number="556"/>
						<line branch="true" condition-coverage="0% (0/2)" hits="0" missing-branches="558,559" number="557"/>
						<line hits="0" number="558"/>
						<line branch="true" condition-coverage="0% (0/2)" hits="0" missing-branches="561,564" number="559"/>
						<line hits="0" number="561"/>
						<line hits="0" number="564"/>
						<line hits="0" number="566"/>
						<line branch="true" condition-coverage="0% (0/2)" hits="0" missing-branches="569,571" number="567"/>
						<line hits="0" number="569"/>
						<line branch="true" condition-coverage="0% (0/2)" hits="0" missing-branches="573,575" number="571"/>
						<line branch="true" condition-coverage="0% (0/2)" hits="0" missing-branches="exit,exit" number="573"/>
						<line branch="true" condition-coverage="0% (0/2)" hits="0" missing-branches="577,594" number="575"/>
						<line hits="0" number="577"/>
						<line hits="0" number="578"/>
						<line branch="true" condition-coverage="0% (0/2)" hits="0" missing-branches="583,591" number="581"/>
						<line hits="0" number="583"/>
						<line branch="true" condition-coverage="0% (0/2)" hits="0" missing-branches="585,588" number="584"/>
						<line hits="0" number="585"/>
						<line hits="0" number="588"/>
						<line hits="0" number="591"/>
						<line hits="0" number="594"/>
						<line hits="0" number="597"/>
						<line hits="0" number="598"/>
						<line hits="0" number="601"/>
						<line hits="0" number="607"/>
						<line hits="0" number="608"/>
						<line hits="0" number="611"/>
						<line hits="0" number="614"/>
						<line hits="0" number="616"/>
						<line hits="0" number="619"/>
						<line hits="0" number="621"/>
						<line branch="true" condition-coverage="0% (0/2)" hits="0" missing-branches="623,638" number="622"/>
						<line branch="true" condition-coverage="0% (0/2)" hits="0" missing-branches="624,628" number="623"/>
						<line hits="0" number="624"/>
						<line hits="0" number="626"/>
						<line hits="0" number="628"/>
						<line hits="0" number="629"/>
						<line hits="0" number="630"/>
						<line hits="0" number="633"/>
						<line hits="0" number="636"/>
						<line branch="true" condition-coverage="0% (0/2)" hits="0" missing-branches="exit,639" number="638"/>
						<line hits="0" number="639"/>
						<line hits="0" number="642"/>
						<line branch="true" condition-coverage="0% (0/2)" hits="0" missing-branches="exit,646" number="645"/>
						<line branch="true" condition-coverage="0% (0/2)" hits="0" missing-branches="647,649" number="646"/>
						<line hits="0" number="647"/>
						<line hits="0" number="649"/>
						<line hits="0" number="650"/>
						<line hits="0" number="652"/>
						<line hits="0" number="654"/>
						<line hits="0" number="663"/>
						<line branch="true" condition-coverage="0% (0/2)" hits="0" missing-branches="exit,668" number="667"/>
						<line hits="0" number="668"/>
						<line branch="true" condition-coverage="0% (0/2)" hits="0" missing-branches="exit,672" number="671"/>
						<line branch="true" condition-coverage="0% (0/2)" hits="0" missing-branches="exit,673" number="672"/>
						<line branch="true" condition-coverage="0% (0/2)" hits="0" missing-branches="exit,674" number="673"/>
						<line hits="0" number="674"/>
						<line hits="0" number="675"/>
						<line hits="0" number="676"/>
						<line hits="0" number="677"/>
						<line hits="0" number="680"/>
						<line hits="0" number="692"/>
						<line hits="0" number="693"/>
						<line hits="0" number="695"/>
						<line hits="0" number="696"/>
						<line hits="0" number="697"/>
						<line hits="0" number="698"/>
						<line hits="0" number="699"/>
						<line hits="0" number="700"/>
						<line hits="0" number="701"/>
						<line branch="true" condition-coverage="0% (0/2)" hits="0" missing-branches="703,734" number="702"/>
						<line hits="0" number="703"/>
						<line hits="0" number="704"/>
						<line branch="true" condition-coverage="0% (0/3)" hits="0" missing-branches="exit,709,710" number="705"/>
						<line hits="0" number="709"/>
						<line hits="0" number="710"/>
						<line hits="0" number="712"/>
						<line hits="0" number="713"/>
						<line hits="0" number="714"/>
						<line hits="0" number="716"/>
						<line branch="true" condition-coverage="0% (0/2)" hits="0" missing-branches="718,720" number="717"/>
						<line hits="0" number="718"/>
						<line hits="0" number="719"/>
						<line branch="true" condition-coverage="0% (0/2)" hits="0" missing-branches="721,729" number="720"/>
						<line branch="true" condition-coverage="0% (0/2)" hits="0" missing-branches="722,724" number="721"/>
						<line hits="0" number="722"/>
						<line hits="0" number="724"/>
						<line hits="0" number="725"/>
						<line hits="0" number="726"/>
						<line hits="0" number="727"/>
						<line hits="0" number="728"/>
						<line hits="0" number="729"/>
						<line hits="0" number="730"/>
						<line hits="0" number="731"/>
						<line hits="0" number="734"/>
						<line hits="0" number="741"/>
						<line hits="0" number="742"/>
						<line branch="true" condition-coverage="0% (0/2)" hits="0" missing-branches="745,747" number="744"/>
						<line hits="0" number="745"/>
						<line hits="0" number="747"/>
						<line hits="0" number="748"/>
						<line hits="0" number="751"/>
						<line hits="0" number="758"/>
						<line hits="0" number="772"/>
						<line branch="true" condition-coverage="0% (0/2)" hits="0" missing-branches="exit,exit" number="774"/>
						<line hits="0" number="778"/>
						<line hits="0" number="780"/>
						<line hits="0" number="781"/>
						<line hits="0" number="783"/>
						<line hits="0" number="784"/>
						<line hits="0" number="785"/>
						<line branch="true" condition-coverage="0% (0/2)" hits="0" missing-branches="exit,792" number="788"/>
						<line hits="0" number="792"/>
						<line hits="0" number="795"/>
						<line branch="true" condition-coverage="0% (0/2)" hits="0" missing-branches="805,809" number="804"/>
						<line hits="0" number="805"/>
						<line hits="0" number="807"/>
						<line hits="0" number="809"/>
						<line branch="true" condition-coverage="0% (0/2)" hits="0" missing-branches="813,818" number="812"/>
						<line hits="0" number="813"/>
						<line branch="true" condition-coverage="0% (0/2)" hits="0" missing-branches="815,818" number="814"/>
						<line hits="0" number="815"/>
						<line hits="0" number="816"/>
						<line hits="0" number="818"/>
						<line branch="true" condition-coverage="0% (0/2)" hits="0" missing-branches="820,825" number="819"/>
						<line hits="0" number="820"/>
						<line branch="true" condition-coverage="0% (0/2)" hits="0" missing-branches="822,825" number="821"/>
						<line hits="0" number="822"/>
						<line branch="true" condition-coverage="0% (0/2)" hits="0" missing-branches="826,832" number="825"/>
						<line hits="0" number="826"/>
						<line hits="0" number="832"/>
						<line hits="0" number="833"/>
						<line hits="0" number="834"/>
						<line hits="0" number="835"/>
						<line branch="true" condition-coverage="0% (0/2)" hits="0" missing-branches="exit,848" number="847"/>
						<line hits="0" number="848"/>
						<line branch="true" condition-coverage="0% (0/2)" hits="0" missing-branches="852,854" number="851"/>
						<line hits="0" number="852"/>
						<line hits="0" number="854"/>
						<line hits="0" number="857"/>
						<line hits="0" number="860"/>
						<line hits="0" number="861"/>
						<line branch="true" condition-coverage="0% (0/2)" hits="0" missing-branches="865,870" number="863"/>
						<line branch="true" condition-coverage="0% (0/2)" hits="0" missing-branches="866,868" number="865"/>
						<line hits="0" number="866"/>
						<line hits="0" number="868"/>
						<line branch="true" condition-coverage="0% (0/2)" hits="0" missing-branches="exit,871" number="870"/>
						<line hits="0" number="871"/>
						<line hits="0" number="877"/>
						<line hits="0" number="879"/>
						<line branch="true" condition-coverage="0% (0/2)" hits="0" missing-branches="exit,881" number="880"/>
						<line branch="true" condition-coverage="0% (0/2)" hits="0" missing-branches="exit,882" number="881"/>
						<line hits="0" number="882"/>
						<line hits="0" number="888"/>
						<line hits="0" number="889"/>
						<line hits="0" number="890"/>
						<line hits="0" number="891"/>
					</lines>
				</class>
				<class branch-rate="0.02469" complexity="0" filename="mkdocs_gallery/gen_single.py" line-rate="0.1718" name="gen_single.py">
					<methods/>
					<lines>
						<line hits="1" number="6"/>
						<line hits="1" number="10"/>
						<line hits="1" number="12"/>
						<line hits="1" number="14"/>
						<line hits="1" number="16"/>
						<line hits="1" number="17"/>
						<line hits="1" number="18"/>
						<line hits="1" number="19"/>
						<line hits="1" number="20"/>
						<line hits="1" number="21"/>
						<line hits="1" number="22"/>
						<line hits="1" number="23"/>
						<line hits="1" number="24"/>
						<line hits="1" number="25"/>
						<line hits="1" number="26"/>
						<line hits="1" number="27"/>
						<line hits="1" number="28"/>
						<line hits="1" number="29"/>
						<line hits="1" number="30"/>
						<line hits="1" number="31"/>
						<line hits="1" number="32"/>
						<line hits="1" number="33"/>
						<line hits="1" number="35"/>
						<line hits="1" number="37"/>
						<line hits="1" number="38"/>
						<line hits="1" number="40"/>
						<line hits="1" number="41"/>
						<line hits="1" number="44"/>
						<line hits="1" number="45"/>
						<line hits="1" number="47"/>
						<line hits="1" number="50"/>
						<line hits="1" number="51"/>
						<line hits="1" number="53"/>
						<line branch="true" condition-coverage="100% (2/2)" hits="1" number="59"/>
						<line hits="1" number="62"/>
						<line hits="0" number="63"/>
						<line hits="0" number="64"/>
						<line hits="0" number="65"/>
						<line hits="0" number="66"/>
						<line hits="1" number="68"/>
						<line branch="true" condition-coverage="0% (0/2)" hits="0" missing-branches="70,71" number="69"/>
						<line hits="0" number="70"/>
						<line hits="0" number="71"/>
						<line hits="0" number="72"/>
						<line hits="0" number="73"/>
						<line hits="0" number="74"/>
						<line hits="1" number="76"/>
						<line hits="0" number="77"/>
						<line hits="0" number="78"/>
						<line hits="0" number="79"/>
						<line hits="1" number="81"/>
						<line hits="0" number="82"/>
						<line branch="true" condition-coverage="0% (0/2)" hits="0" missing-branches="85,88" number="84"/>
						<line hits="0" number="85"/>
						<line hits="0" number="86"/>
						<line hits="0" number="88"/>
						<line hits="0" number="89"/>
						<line branch="true" condition-coverage="0% (0/2)" hits="0" missing-branches="93,96" number="90"/>
						<line hits="0" number="93"/>
						<line hits="0" number="94"/>
						<line hits="0" number="96"/>
						<line branch="true" condition-coverage="0% (0/2)" hits="0" missing-branches="exit,99" number="98"/>
						<line hits="0" number="99"/>
						<line hits="1" number="101"/>
						<line hits="0" number="102"/>
						<line branch="true" condition-coverage="0% (0/2)" hits="0" missing-branches="exit,104" number="103"/>
						<line hits="0" number="104"/>
						<line hits="0" number="105"/>
						<line hits="1" number="108"/>
						<line hits="0" number="109"/>
						<line hits="1" number="112"/>
						<line hits="0" number="113"/>
						<line hits="1" number="115"/>
						<line hits="0" number="116"/>
						<line hits="1" number="123"/>
						<line hits="1" number="128"/>
						<line hits="1" number="135"/>
						<line hits="1" number="141"/>
						<line hits="1" number="149"/>
						<line hits="1" number="154"/>
						<line hits="1" number="159"/>
						<line hits="1" number="167"/>
						<line hits="0" number="179"/>
						<line branch="true" condition-coverage="0% (0/2)" hits="0" missing-branches="183,185" number="180"/>
						<line hits="0" number="183"/>
						<line hits="0" number="185"/>
						<line hits="1" number="188"/>
						<line hits="0" number="189"/>
						<line hits="0" number="190"/>
						<line hits="1" number="193"/>
						<line hits="0" number="199"/>
						<line hits="0" number="200"/>
						<line hits="0" number="202"/>
						<line hits="0" number="204"/>
						<line hits="0" number="207"/>
						<line hits="0" number="208"/>
						<line hits="0" number="210"/>
						<line hits="0" number="211"/>
						<line hits="1" number="217"/>
						<line hits="1" number="219"/>
						<line hits="1" number="220"/>
						<line hits="1" number="221"/>
						<line hits="1" number="224"/>
						<line hits="0" number="240"/>
						<line branch="true" condition-coverage="0% (0/2)" hits="0" missing-branches="242,244" number="241"/>
						<line hits="0" number="242"/>
						<line hits="0" number="244"/>
						<line hits="0" number="245"/>
						<line hits="1" number="248"/>
						<line hits="0" number="264"/>
						<line hits="0" number="267"/>
						<line branch="true" condition-coverage="0% (0/2)" hits="0" missing-branches="269,289" number="268"/>
						<line hits="0" number="269"/>
						<line branch="true" condition-coverage="0% (0/2)" hits="0" missing-branches="271,286" number="270"/>
						<line branch="true" condition-coverage="0% (0/2)" hits="0" missing-branches="272,276" number="271"/>
						<line hits="0" number="272"/>
						<line hits="0" number="273"/>
						<line hits="0" number="276"/>
						<line branch="true" condition-coverage="0% (0/2)" hits="0" missing-branches="278,282" number="277"/>
						<line hits="0" number="278"/>
						<line hits="0" number="279"/>
						<line hits="0" number="282"/>
						<line branch="true" condition-coverage="0% (0/2)" hits="0" missing-branches="270,284" number="283"/>
						<line hits="0" number="284"/>
						<line branch="true" condition-coverage="0% (0/2)" hits="0" missing-branches="268,287" number="286"/>
						<line hits="0" number="287"/>
						<line hits="0" number="289"/>
						<line hits="1" number="292"/>
						<line hits="0" number="294"/>
						<line branch="true" condition-coverage="0% (0/2)" hits="0" missing-branches="exit,299" number="297"/>
						<line hits="0" number="299"/>
						<line hits="1" number="302"/>
						<line hits="0" number="324"/>
						<line branch="true" condition-coverage="0% (0/2)" hits="0" missing-branches="326,333" number="325"/>
						<line hits="0" number="326"/>
						<line hits="0" number="333"/>
						<line hits="0" number="334"/>
						<line branch="true" condition-coverage="0% (0/2)" hits="0" missing-branches="336,338" number="335"/>
						<line hits="0" number="336"/>
						<line hits="0" number="338"/>
						<line hits="0" number="341"/>
						<line hits="0" number="344"/>
						<line hits="0" number="345"/>
						<line branch="true" condition-coverage="0% (0/2)" hits="0" missing-branches="349,351" number="348"/>
						<line hits="0" number="349"/>
						<line hits="0" number="351"/>
						<line hits="1" number="354"/>
						<line hits="0" number="371"/>
						<line hits="0" number="373"/>
						<line hits="0" number="374"/>
						<line hits="0" number="376"/>
						<line hits="0" number="378"/>
						<line hits="0" number="380"/>
						<line hits="0" number="381"/>
						<line hits="0" number="383"/>
						<line branch="true" condition-coverage="0% (0/2)" hits="0" missing-branches="385,387" number="384"/>
						<line hits="0" number="385"/>
						<line hits="0" number="387"/>
						<line hits="0" number="391"/>
						<line hits="0" number="394"/>
						<line branch="true" condition-coverage="0% (0/2)" hits="0" missing-branches="397,400" number="395"/>
						<line hits="0" number="397"/>
						<line hits="0" number="400"/>
						<line hits="0" number="401"/>
						<line branch="true" condition-coverage="0% (0/2)" hits="0" missing-branches="403,405" number="402"/>
						<line hits="0" number="403"/>
						<line hits="0" number="405"/>
						<line hits="1" number="408"/>
						<line hits="0" number="435"/>
						<line hits="0" number="436"/>
						<line branch="true" condition-coverage="0% (0/2)" hits="0" missing-branches="439,442" number="437"/>
						<line hits="0" number="439"/>
						<line hits="0" number="442"/>
						<line hits="0" number="445"/>
						<line hits="0" number="447"/>
						<line hits="0" number="448"/>
						<line branch="true" condition-coverage="0% (0/2)" hits="0" missing-branches="452,460" number="450"/>
						<line hits="0" number="452"/>
						<line hits="0" number="453"/>
						<line hits="0" number="456"/>
						<line hits="0" number="457"/>
						<line hits="0" number="460"/>
						<line hits="0" number="471"/>
						<line hits="1" number="474"/>
						<line hits="0" number="475"/>
						<line hits="1" number="478"/>
						<line hits="0" number="480"/>
						<line hits="0" number="482"/>
						<line hits="0" number="483"/>
						<line hits="0" number="500"/>
						<line hits="0" number="501"/>
						<line hits="0" number="502"/>
						<line branch="true" condition-coverage="0% (0/2)" hits="0" missing-branches="505,517" number="503"/>
						<line branch="true" condition-coverage="0% (0/2)" hits="0" missing-branches="506,507" number="505"/>
						<line hits="0" number="506"/>
						<line branch="true" condition-coverage="0% (0/2)" hits="0" missing-branches="503,509" number="507"/>
						<line branch="true" condition-coverage="0% (0/2)" hits="0" missing-branches="510,512" number="509"/>
						<line hits="0" number="510"/>
						<line branch="true" condition-coverage="0% (0/2)" hits="0" missing-branches="513,515" number="512"/>
						<line hits="0" number="513"/>
						<line branch="true" condition-coverage="0% (0/2)" hits="0" missing-branches="503,516" number="515"/>
						<line hits="0" number="516"/>
						<line hits="0" number="517"/>
						<line hits="0" number="519"/>
						<line hits="0" number="523"/>
						<line hits="0" number="524"/>
						<line branch="true" condition-coverage="0% (0/2)" hits="0" missing-branches="529,532" number="527"/>
						<line hits="0" number="529"/>
						<line hits="0" number="532"/>
						<line hits="0" number="533"/>
						<line hits="0" number="535"/>
						<line hits="0" number="539"/>
						<line hits="1" number="543"/>
						<line branch="true" condition-coverage="0% (0/2)" hits="0" missing-branches="545,550" number="544"/>
						<line hits="0" number="545"/>
						<line branch="true" condition-coverage="0% (0/2)" hits="0" missing-branches="549,550" number="546"/>
						<line hits="0" number="549"/>
						<line hits="0" number="550"/>
						<line hits="0" number="551"/>
						<line hits="0" number="552"/>
						<line hits="0" number="553"/>
						<line hits="0" number="555"/>
						<line hits="1" number="558"/>
						<line hits="0" number="563"/>
						<line hits="0" number="564"/>
						<line hits="0" number="565"/>
						<line hits="0" number="566"/>
						<line hits="0" number="568"/>
						<line branch="true" condition-coverage="100% (2/2)" hits="1" number="571"/>
						<line hits="1" number="574"/>
						<line hits="0" number="575"/>
						<line hits="0" number="576"/>
						<line hits="0" number="577"/>
						<line hits="1" number="579"/>
						<line branch="true" condition-coverage="0% (0/2)" hits="0" missing-branches="exit,581" number="580"/>
						<line hits="0" number="581"/>
						<line hits="0" number="582"/>
						<line hits="0" number="583"/>
						<line hits="0" number="584"/>
						<line hits="0" number="585"/>
						<line hits="0" number="586"/>
						<line branch="true" condition-coverage="0% (0/2)" hits="0" missing-branches="exit,589" number="588"/>
						<line hits="0" number="589"/>
						<line hits="1" number="592"/>
						<line branch="true" condition-coverage="0% (0/2)" hits="0" missing-branches="595,597" number="594"/>
						<line hits="0" number="595"/>
						<line hits="0" number="597"/>
						<line branch="true" condition-coverage="0% (0/2)" hits="0" missing-branches="599,601" number="598"/>
						<line hits="0" number="599"/>
						<line hits="0" number="601"/>
						<line hits="0" number="602"/>
						<line hits="0" number="606"/>
						<line hits="0" number="607"/>
						<line hits="0" number="608"/>
						<line branch="true" condition-coverage="0% (0/2)" hits="0" missing-branches="exit,611" number="610"/>
						<line hits="0" number="611"/>
						<line hits="0" number="612"/>
						<line hits="1" number="615"/>
						<line branch="true" condition-coverage="0% (0/2)" hits="0" missing-branches="619,621" number="618"/>
						<line hits="0" number="619"/>
						<line hits="0" number="621"/>
						<line hits="0" number="622"/>
						<line hits="1" number="625"/>
						<line branch="true" condition-coverage="0% (0/2)" hits="0" missing-branches="629,631" number="628"/>
						<line hits="0" number="629"/>
						<line hits="0" number="631"/>
						<line hits="0" number="632"/>
						<line hits="0" number="633"/>
						<line hits="1" number="636"/>
						<line hits="0" number="639"/>
						<line hits="0" number="642"/>
						<line branch="true" condition-coverage="0% (0/2)" hits="0" missing-branches="645,662" number="644"/>
						<line hits="0" number="645"/>
						<line hits="0" number="646"/>
						<line hits="0" number="648"/>
						<line hits="0" number="653"/>
						<line hits="0" number="654"/>
						<line hits="0" number="655"/>
						<line hits="0" number="656"/>
						<line hits="0" number="660"/>
						<line hits="0" number="662"/>
						<line hits="0" number="667"/>
						<line hits="1" number="670"/>
						<line branch="true" condition-coverage="0% (0/2)" hits="0" missing-branches="674,687" number="673"/>
						<line hits="0" number="674"/>
						<line hits="0" number="675"/>
						<line branch="true" condition-coverage="0% (0/2)" hits="0" missing-branches="678,680" number="677"/>
						<line hits="0" number="678"/>
						<line hits="0" number="680"/>
						<line hits="0" number="681"/>
						<line hits="0" number="682"/>
						<line hits="0" number="683"/>
						<line branch="true" condition-coverage="0% (0/2)" hits="0" missing-branches="673,686" number="685"/>
						<line hits="0" number="686"/>
						<line hits="0" number="687"/>
						<line hits="1" number="690"/>
						<line hits="0" number="693"/>
						<line hits="0" number="694"/>
						<line hits="0" number="696"/>
						<line hits="0" number="697"/>
						<line branch="true" condition-coverage="0% (0/2)" hits="0" missing-branches="700,707" number="698"/>
						<line hits="0" number="700"/>
						<line hits="0" number="701"/>
						<line branch="true" condition-coverage="0% (0/2)" hits="0" missing-branches="703,704" number="702"/>
						<line hits="0" number="703"/>
						<line branch="true" condition-coverage="0% (0/2)" hits="0" missing-branches="705,707" number="704"/>
						<line hits="0" number="705"/>
						<line hits="0" number="707"/>
						<line branch="true" condition-coverage="0% (0/2)" hits="0" missing-branches="711,713" number="710"/>
						<line hits="0" number="711"/>
						<line branch="true" condition-coverage="0% (0/2)" hits="0" missing-branches="714,716" number="713"/>
						<line hits="0" number="714"/>
						<line hits="0" number="716"/>
						<line branch="true" condition-coverage="0% (0/2)" hits="0" missing-branches="720,722" number="719"/>
						<line hits="0" number="720"/>
						<line hits="0" number="722"/>
						<line hits="0" number="724"/>
						<line hits="0" number="731"/>
						<line hits="1" number="734"/>
						<line hits="0" number="736"/>
						<line hits="0" number="737"/>
						<line hits="1" number="740"/>
						<line hits="0" number="763"/>
						<line branch="true" condition-coverage="0% (0/2)" hits="0" missing-branches="767,769" number="766"/>
						<line hits="0" number="767"/>
						<line hits="0" number="769"/>
						<line hits="0" number="771"/>
						<line hits="0" number="772"/>
						<line hits="0" number="773"/>
						<line hits="0" number="777"/>
						<line hits="0" number="779"/>
						<line hits="0" number="780"/>
						<line hits="0" number="783"/>
						<line hits="0" number="784"/>
						<line hits="0" number="786"/>
						<line hits="0" number="787"/>
						<line hits="0" number="788"/>
						<line hits="0" number="789"/>
						<line hits="0" number="790"/>
						<line hits="0" number="791"/>
						<line hits="0" number="793"/>
						<line hits="0" number="794"/>
						<line hits="0" number="797"/>
						<line branch="true" condition-coverage="0% (0/2)" hits="0" missing-branches="799,802" number="798"/>
						<line hits="0" number="799"/>
						<line hits="0" number="800"/>
						<line hits="0" number="802"/>
						<line hits="0" number="804"/>
						<line hits="0" number="805"/>
						<line hits="0" number="806"/>
						<line branch="true" condition-coverage="0% (0/2)" hits="0" missing-branches="810,813" number="809"/>
						<line hits="0" number="810"/>
						<line hits="0" number="813"/>
						<line hits="0" number="816"/>
						<line hits="0" number="818"/>
						<line branch="true" condition-coverage="0% (0/2)" hits="0" missing-branches="822,828" number="821"/>
						<line hits="0" number="822"/>
						<line hits="0" number="824"/>
						<line hits="0" number="826"/>
						<line hits="0" number="828"/>
						<line branch="true" condition-coverage="0% (0/2)" hits="0" missing-branches="exit,832" number="829"/>
						<line hits="0" number="832"/>
						<line hits="0" number="833"/>
						<line hits="0" number="835"/>
						<line hits="1" number="838"/>
						<line hits="0" number="839"/>
						<line hits="1" number="843"/>
						<line hits="0" number="870"/>
						<line hits="0" number="871"/>
						<line hits="0" number="873"/>
						<line hits="0" number="874"/>
						<line hits="0" number="886"/>
						<line hits="0" number="892"/>
						<line hits="0" number="895"/>
						<line hits="0" number="898"/>
						<line hits="0" number="901"/>
						<line branch="true" condition-coverage="0% (0/2)" hits="0" missing-branches="exit,905" number="904"/>
						<line hits="0" number="905"/>
						<line hits="0" number="907"/>
						<line hits="0" number="908"/>
						<line hits="0" number="911"/>
						<line hits="0" number="912"/>
						<line branch="true" condition-coverage="0% (0/2)" hits="0" missing-branches="914,918" number="913"/>
						<line hits="0" number="914"/>
						<line hits="0" number="915"/>
						<line hits="0" number="918"/>
						<line hits="0" number="921"/>
						<line hits="0" number="924"/>
						<line hits="0" number="927"/>
						<line hits="0" number="929"/>
						<line hits="0" number="930"/>
						<line hits="0" number="932"/>
						<line hits="1" number="935"/>
						<line hits="0" number="951"/>
						<line hits="0" number="954"/>
						<line hits="0" number="957"/>
						<line hits="0" number="961"/>
						<line branch="true" condition-coverage="0% (0/2)" hits="0" missing-branches="966,982" number="964"/>
						<line hits="0" number="966"/>
						<line branch="true" condition-coverage="0% (0/2)" hits="0" missing-branches="970,977" number="969"/>
						<line branch="true" condition-coverage="0% (0/2)" hits="0" missing-branches="972,975" number="970"/>
						<line hits="0" number="972"/>
						<line hits="0" number="975"/>
						<line branch="true" condition-coverage="0% (0/2)" hits="0" missing-branches="979,982" number="977"/>
						<line hits="0" number="979"/>
						<line branch="true" condition-coverage="0% (0/2)" hits="0" missing-branches="983,986" number="982"/>
						<line hits="0" number="983"/>
						<line hits="0" number="986"/>
						<line branch="true" condition-coverage="0% (0/2)" hits="0" missing-branches="990,993" number="988"/>
						<line hits="0" number="990"/>
						<line hits="0" number="991"/>
						<line hits="0" number="993"/>
						<line hits="0" number="994"/>
						<line hits="0" number="995"/>
						<line hits="0" number="1000"/>
						<line branch="true" condition-coverage="0% (0/2)" hits="0" missing-branches="1002,1009" number="1001"/>
						<line branch="true" condition-coverage="0% (0/2)" hits="0" missing-branches="1003,1005" number="1002"/>
						<line hits="0" number="1003"/>
						<line hits="0" number="1005"/>
						<line hits="0" number="1006"/>
						<line branch="true" condition-coverage="0% (0/2)" hits="0" missing-branches="1010,1016" number="1009"/>
						<line branch="true" condition-coverage="0% (0/2)" hits="0" missing-branches="exit,1016" number="1010"/>
						<line branch="true" condition-coverage="0% (0/2)" hits="0" missing-branches="1017,1021" number="1016"/>
						<line hits="0" number="1017"/>
						<line hits="0" number="1018"/>
						<line hits="0" number="1021"/>
						<line hits="0" number="1024"/>
						<line hits="0" number="1025"/>
						<line hits="0" number="1026"/>
						<line branch="true" condition-coverage="0% (0/2)" hits="0" missing-branches="1031,1034" number="1029"/>
						<line hits="0" number="1031"/>
						<line hits="0" number="1034"/>
						<line hits="0" number="1036"/>
						<line hits="0" number="1039"/>
						<line hits="0" number="1040"/>
						<line hits="0" number="1041"/>
						<line hits="0" number="1042"/>
						<line branch="true" condition-coverage="0% (0/2)" hits="0" missing-branches="1046,1048" number="1045"/>
						<line hits="0" number="1046"/>
						<line hits="0" number="1048"/>
						<line hits="0" number="1051"/>
						<line branch="true" condition-coverage="0% (0/2)" hits="0" missing-branches="1054,1059" number="1052"/>
						<line hits="0" number="1054"/>
						<line hits="0" number="1055"/>
						<line hits="0" number="1056"/>
						<line hits="0" number="1057"/>
						<line branch="true" condition-coverage="0% (0/2)" hits="0" missing-branches="exit,1065" number="1059"/>
						<line branch="true" condition-coverage="0% (0/2)" hits="0" missing-branches="1066,1068" number="1065"/>
						<line hits="0" number="1066"/>
						<line hits="0" number="1068"/>
						<line hits="1" number="1074"/>
						<line hits="1" number="1089"/>
						<line hits="1" number="1095"/>
						<line hits="0" number="1124"/>
						<line hits="0" number="1125"/>
						<line branch="true" condition-coverage="0% (0/2)" hits="0" missing-branches="1128,1151" number="1126"/>
						<line branch="true" condition-coverage="0% (0/2)" hits="0" missing-branches="1129,1132" number="1128"/>
						<line hits="0" number="1129"/>
						<line branch="true" condition-coverage="0% (0/2)" hits="0" missing-branches="1133,1148" number="1132"/>
						<line branch="true" condition-coverage="0% (0/2)" hits="0" missing-branches="1134,1136" number="1133"/>
						<line hits="0" number="1134"/>
						<line hits="0" number="1136"/>
						<line branch="true" condition-coverage="0% (0/2)" hits="0" missing-branches="1138,1142" number="1137"/>
[...]
						<line hits="1" number="21"/>
						<line hits="1" number="22"/>
						<line hits="1" number="23"/>
						<line hits="1" number="24"/>
						<line hits="1" number="25"/>
						<line hits="1" number="26"/>
						<line hits="1" number="28"/>
						<line hits="1" number="30"/>
						<line hits="1" number="31"/>
						<line hits="1" number="33"/>
						<line hits="1" number="39"/>
						<line hits="0" number="43"/>
						<line hits="0" number="44"/>
						<line hits="0" number="45"/>
						<line hits="0" number="47"/>
						<line branch="true" condition-coverage="0% (0/2)" hits="0" missing-branches="52,63" number="51"/>
						<line hits="0" number="52"/>
						<line hits="0" number="63"/>
						<line hits="0" number="64"/>
						<line hits="1" number="67"/>
						<line hits="0" number="68"/>
						<line hits="0" number="70"/>
						<line branch="true" condition-coverage="0% (0/2)" hits="0" missing-branches="72,74" number="71"/>
						<line hits="0" number="72"/>
						<line hits="0" number="74"/>
						<line branch="true" condition-coverage="0% (0/2)" hits="0" missing-branches="76,80" number="75"/>
						<line branch="true" condition-coverage="0% (0/2)" hits="0" missing-branches="75,77" number="76"/>
						<line hits="0" number="77"/>
						<line branch="true" condition-coverage="0% (0/2)" hits="0" missing-branches="76,79" number="78"/>
						<line hits="0" number="79"/>
						<line hits="0" number="80"/>
						<line hits="0" number="81"/>
						<line hits="1" number="84"/>
						<line hits="1" number="93"/>
						<line hits="0" number="117"/>
						<line hits="0" number="119"/>
						<line hits="0" number="120"/>
						<line hits="0" number="122"/>
						<line hits="0" number="125"/>
						<line hits="0" number="126"/>
						<line branch="true" condition-coverage="0% (0/2)" hits="0" missing-branches="128,140" number="127"/>
						<line branch="true" condition-coverage="0% (0/2)" hits="0" missing-branches="130,131" number="128"/>
						<line hits="0" number="130"/>
						<line branch="true" condition-coverage="0% (0/2)" hits="0" missing-branches="132,134" number="131"/>
						<line hits="0" number="132"/>
						<line hits="0" number="134"/>
						<line hits="0" number="140"/>
						<line branch="true" condition-coverage="0% (0/2)" hits="0" missing-branches="142,147" number="141"/>
						<line branch="true" condition-coverage="0% (0/2)" hits="0" missing-branches="143,147" number="142"/>
						<line branch="true" condition-coverage="0% (0/2)" hits="0" missing-branches="142,144" number="143"/>
						<line hits="0" number="144"/>
						<line branch="true" condition-coverage="0% (0/2)" hits="0" missing-branches="148,210" number="147"/>
						<line hits="0" number="148"/>
						<line branch="true" condition-coverage="0% (0/2)" hits="0" missing-branches="150,153" number="149"/>
						<line hits="0" number="150"/>
						<line hits="0" number="153"/>
						<line hits="0" number="156"/>
						<line branch="true" condition-coverage="0% (0/2)" hits="0" missing-branches="158,162" number="157"/>
						<line branch="true" condition-coverage="0% (0/2)" hits="0" missing-branches="157,159" number="158"/>
						<line hits="0" number="159"/>
						<line hits="0" number="160"/>
						<line hits="0" number="161"/>
						<line branch="true" condition-coverage="0% (0/2)" hits="0" missing-branches="163,166" number="162"/>
						<line hits="0" number="163"/>
						<line hits="0" number="166"/>
						<line hits="0" number="167"/>
						<line hits="0" number="171"/>
						<line branch="true" condition-coverage="0% (0/2)" hits="0" missing-branches="173,180" number="172"/>
						<line hits="0" number="173"/>
						<line hits="0" number="174"/>
						<line branch="true" condition-coverage="0% (0/2)" hits="0" missing-branches="172,177" number="175"/>
						<line hits="0" number="177"/>
						<line hits="0" number="180"/>
						<line hits="0" number="181"/>
						<line hits="0" number="182"/>
						<line branch="true" condition-coverage="0% (0/2)" hits="0" missing-branches="184,185" number="183"/>
						<line hits="0" number="184"/>
						<line hits="0" number="185"/>
						<line hits="0" number="186"/>
						<line branch="true" condition-coverage="0% (0/2)" hits="0" missing-branches="190,198" number="189"/>
						<line branch="true" condition-coverage="0% (0/2)" hits="0" missing-branches="189,191" number="190"/>
						<line hits="0" number="191"/>
						<line hits="0" number="192"/>
						<line hits="0" number="193"/>
						<line hits="0" number="194"/>
						<line hits="0" number="195"/>
						<line hits="0" number="196"/>
						<line hits="0" number="197"/>
						<line hits="0" number="198"/>
						<line hits="0" number="199"/>
						<line hits="0" number="200"/>
						<line hits="0" number="201"/>
						<line branch="true" condition-coverage="0% (0/2)" hits="0" missing-branches="204,208" number="203"/>
						<line hits="0" number="204"/>
						<line branch="true" condition-coverage="0% (0/2)" hits="0" missing-branches="206,208" number="205"/>
						<line hits="0" number="206"/>
						<line hits="0" number="208"/>
						<line hits="0" number="210"/>
						<line hits="0" number="224"/>
						<line branch="true" condition-coverage="0% (0/2)" hits="0" missing-branches="226,228" number="225"/>
						<line hits="0" number="226"/>
						<line hits="0" number="227"/>
						<line branch="true" condition-coverage="0% (0/2)" hits="0" missing-branches="236,241" number="228"/>
						<line hits="0" number="236"/>
						<line branch="true" condition-coverage="0% (0/2)" hits="0" missing-branches="238,240" number="237"/>
						<line hits="0" number="238"/>
						<line hits="0" number="239"/>
						<line hits="0" number="240"/>
						<line hits="0" number="241"/>
						<line hits="1" number="244"/>
						<line hits="0" number="245"/>
						<line hits="0" number="246"/>
						<line hits="0" number="249"/>
						<line hits="0" number="250"/>
						<line hits="0" number="251"/>
						<line hits="0" number="252"/>
						<line branch="true" condition-coverage="0% (0/2)" hits="0" missing-branches="exit,256" number="253"/>
						<line branch="true" condition-coverage="0% (0/2)" hits="0" missing-branches="258,259" number="256"/>
						<line hits="0" number="258"/>
						<line branch="true" condition-coverage="0% (0/2)" hits="0" missing-branches="260,262" number="259"/>
						<line hits="0" number="260"/>
						<line hits="0" number="262"/>
						<line hits="0" number="263"/>
						<line hits="0" number="264"/>
						<line branch="true" condition-coverage="0% (0/2)" hits="0" missing-branches="266,267" number="265"/>
						<line hits="0" number="266"/>
						<line hits="0" number="267"/>
						<line hits="0" number="268"/>
						<line hits="1" number="271"/>
						<line hits="0" number="288"/>
						<line hits="0" number="289"/>
						<line hits="0" number="290"/>
						<line hits="0" number="291"/>
						<line branch="true" condition-coverage="0% (0/2)" hits="0" missing-branches="293,303" number="292"/>
						<line hits="0" number="293"/>
						<line hits="0" number="294"/>
						<line hits="0" number="295"/>
						<line hits="0" number="296"/>
						<line hits="0" number="297"/>
						<line hits="0" number="299"/>
						<line branch="true" condition-coverage="0% (0/2)" hits="0" missing-branches="301,302" number="300"/>
						<line hits="0" number="301"/>
						<line hits="0" number="302"/>
						<line hits="0" number="303"/>
						<line hits="0" number="304"/>
						<line hits="1" number="307"/>
						<line hits="1" number="314"/>
						<line branch="true" condition-coverage="100% (2/2)" hits="1" number="317"/>
						<line hits="1" number="318"/>
						<line hits="0" number="319"/>
						<line hits="1" number="321"/>
						<line hits="0" number="322"/>
						<line hits="1" number="325"/>
						<line branch="true" condition-coverage="0% (0/2)" hits="0" missing-branches="329,333" number="328"/>
						<line hits="0" number="329"/>
						<line branch="true" condition-coverage="0% (0/2)" hits="0" missing-branches="328,331" number="330"/>
						<line hits="0" number="331"/>
						<line branch="true" condition-coverage="0% (0/2)" hits="0" missing-branches="334,337" number="333"/>
						<line hits="0" number="334"/>
						<line hits="0" number="337"/>
						<line hits="0" number="338"/>
						<line hits="0" number="340"/>
						<line hits="1" number="343"/>
						<line hits="0" number="359"/>
						<line hits="0" number="360"/>
						<line hits="0" number="361"/>
						<line branch="true" condition-coverage="0% (0/2)" hits="0" missing-branches="364,377" number="362"/>
						<line hits="0" number="364"/>
						<line branch="true" condition-coverage="0% (0/2)" hits="0" missing-branches="366,369" number="365"/>
						<line hits="0" number="366"/>
						<line hits="0" number="369"/>
						<line branch="true" condition-coverage="0% (0/2)" hits="0" missing-branches="371,375" number="370"/>
						<line hits="0" number="371"/>
						<line branch="true" condition-coverage="0% (0/2)" hits="0" missing-branches="370,373" number="372"/>
						<line hits="0" number="373"/>
						<line hits="0" number="375"/>
						<line hits="0" number="377"/>
						<line hits="1" number="380"/>
						<line branch="true" condition-coverage="0% (0/2)" hits="0" missing-branches="425,428" number="422"/>
						<line branch="true" condition-coverage="0% (0/2)" hits="0" missing-branches="exit,428" number="425"/>
						<line hits="0" number="428"/>
						<line hits="0" number="429"/>
						<line hits="0" number="432"/>
						<line branch="true" condition-coverage="0% (0/2)" hits="0" missing-branches="434,435" number="433"/>
						<line hits="0" number="434"/>
						<line branch="true" condition-coverage="0% (0/2)" hits="0" missing-branches="436,443" number="435"/>
						<line hits="0" number="436"/>
						<line hits="0" number="438"/>
						<line hits="0" number="440"/>
						<line hits="0" number="441"/>
						<line hits="0" number="443"/>
						<line hits="0" number="445"/>
						<line branch="true" condition-coverage="0% (0/2)" hits="0" missing-branches="447,459" number="446"/>
						<line hits="0" number="447"/>
						<line hits="0" number="448"/>
						<line hits="0" number="449"/>
						<line branch="true" condition-coverage="0% (0/2)" hits="0" missing-branches="452,456" number="450"/>
						<line hits="0" number="452"/>
						<line hits="0" number="453"/>
						<line hits="0" number="456"/>
						<line hits="0" number="457"/>
						<line branch="true" condition-coverage="0% (0/2)" hits="0" missing-branches="460,467" number="459"/>
						<line hits="0" number="460"/>
						<line branch="true" condition-coverage="0% (0/2)" hits="0" missing-branches="462,467" number="461"/>
						<line hits="0" number="462"/>
						<line hits="0" number="463"/>
						<line hits="0" number="464"/>
						<line hits="0" number="465"/>
						<line hits="0" number="467"/>
						<line hits="1" number="470"/>
						<line hits="0" number="481"/>
						<line branch="true" condition-coverage="0% (0/2)" hits="0" missing-branches="483,490" number="482"/>
						<line hits="0" number="483"/>
						<line hits="0" number="485"/>
						<line branch="true" condition-coverage="0% (0/2)" hits="0" missing-branches="487,489" number="486"/>
						<line hits="0" number="487"/>
						<line hits="0" number="489"/>
						<line branch="true" condition-coverage="0% (0/2)" hits="0" missing-branches="491,492" number="490"/>
						<line hits="0" number="491"/>
						<line hits="0" number="492"/>
						<line hits="0" number="494"/>
						<line hits="1" number="497"/>
						<line hits="0" number="501"/>
						<line hits="1" number="507"/>
						<line hits="1" number="513"/>
						<line hits="1" number="517"/>
						<line hits="1" number="526"/>
						<line hits="0" number="528"/>
						<line hits="0" number="529"/>
						<line hits="1" number="532"/>
						<line branch="true" condition-coverage="0% (0/2)" hits="0" missing-branches="exit,539" number="538"/>
						<line branch="true" condition-coverage="0% (0/2)" hits="0" missing-branches="538,540" number="539"/>
						<line hits="0" number="540"/>
						<line hits="1" number="543"/>
						<line hits="1" number="549"/>
						<line branch="true" condition-coverage="0% (0/2)" hits="0" missing-branches="exit,565" number="564"/>
						<line hits="0" number="565"/>
					</lines>
				</class>
				<class branch-rate="0" complexity="0" filename="mkdocs_gallery/sorting.py" line-rate="0" name="sorting.py">
					<methods/>
					<lines>
						<line hits="0" number="6"/>
						<line hits="0" number="13"/>
						<line hits="0" number="15"/>
						<line hits="0" number="16"/>
						<line hits="0" number="18"/>
						<line hits="0" number="20"/>
						<line hits="0" number="21"/>
						<line hits="0" number="23"/>
						<line hits="0" number="25"/>
						<line hits="0" number="26"/>
						<line branch="true" condition-coverage="0% (0/2)" hits="0" missing-branches="30,36" number="29"/>
						<line hits="0" number="32"/>
						<line hits="0" number="33"/>
						<line branch="true" condition-coverage="0% (0/2)" hits="0" missing-branches="37,73" number="36"/>
						<line hits="0" number="52"/>
						<line branch="true" condition-coverage="0% (0/2)" hits="0" missing-branches="54,58" number="53"/>
						<line hits="0" number="54"/>
						<line branch="true" condition-coverage="0% (0/2)" hits="0" missing-branches="exit,exit" number="58"/>
						<line hits="0" number="61"/>
						<line branch="true" condition-coverage="0% (0/2)" hits="0" missing-branches="63,65" number="62"/>
						<line hits="0" number="63"/>
						<line hits="0" number="65"/>
						<line hits="0" number="69"/>
						<line hits="0" number="70"/>
						<line branch="true" condition-coverage="0% (0/2)" hits="0" missing-branches="74,84" number="73"/>
						<line hits="0" number="76"/>
						<line hits="0" number="77"/>
						<line branch="true" condition-coverage="0% (0/2)" hits="0" missing-branches="exit,81" number="78"/>
						<line hits="0" number="81"/>
						<line branch="true" condition-coverage="0% (0/2)" hits="0" missing-branches="85,93" number="84"/>
						<line hits="0" number="87"/>
						<line hits="0" number="90"/>
						<line branch="true" condition-coverage="0% (0/2)" hits="0" missing-branches="94,100" number="93"/>
						<line hits="0" number="96"/>
						<line hits="0" number="97"/>
						<line branch="true" condition-coverage="0% (0/2)" hits="0" missing-branches="101,109" number="100"/>
						<line hits="0" number="103"/>
						<line hits="0" number="104"/>
						<line hits="0" number="105"/>
						<line hits="0" number="106"/>
						<line branch="true" condition-coverage="0% (0/2)" hits="0" missing-branches="110,135" number="109"/>
						<line hits="0" number="113"/>
						<line hits="0" number="114"/>
						<line hits="0" number="115"/>
						<line hits="0" number="116"/>
						<line hits="0" number="117"/>
						<line hits="0" number="119"/>
						<line hits="0" number="121"/>
						<line hits="0" number="123"/>
						<line branch="true" condition-coverage="0% (0/2)" hits="0" missing-branches="exit,exit" number="125"/>
						<line hits="0" number="127"/>
						<line hits="0" number="128"/>
						<line hits="0" number="129"/>
						<line hits="0" number="130"/>
						<line hits="0" number="131"/>
						<line hits="0" number="132"/>
						<line hits="0" number="135"/>
						<line hits="0" number="137"/>
					</lines>
				</class>
				<class branch-rate="0.1" complexity="0" filename="mkdocs_gallery/utils.py" line-rate="0.25" name="utils.py">
					<methods/>
					<lines>
						<line hits="1" number="6"/>
						<line hits="1" number="13"/>
						<line hits="1" number="15"/>
						<line hits="1" number="16"/>
						<line hits="1" number="17"/>
						<line hits="1" number="18"/>
						<line hits="1" number="19"/>
						<line hits="1" number="20"/>
						<line hits="1" number="22"/>
						<line hits="1" number="23"/>
						<line hits="1" number="25"/>
						<line hits="1" number="28"/>
						<line hits="0" number="29"/>
						<line hits="0" number="30"/>
						<line hits="0" number="31"/>
						<line hits="0" number="32"/>
						<line hits="0" number="33"/>
						<line hits="0" number="38"/>
						<line hits="1" number="41"/>
						<line hits="0" number="47"/>
						<line hits="0" number="48"/>
						<line hits="0" number="50"/>
						<line hits="0" number="51"/>
						<line hits="0" number="52"/>
						<line branch="true" condition-coverage="0% (0/2)" hits="0" missing-branches="55,57" number="54"/>
						<line hits="0" number="55"/>
						<line hits="0" number="57"/>
						<line branch="true" condition-coverage="0% (0/2)" hits="0" missing-branches="61,63" number="59"/>
						<line hits="0" number="61"/>
						<line hits="0" number="63"/>
						<line hits="0" number="64"/>
						<line hits="0" number="69"/>
						<line hits="0" number="74"/>
						<line hits="0" number="75"/>
						<line hits="0" number="76"/>
						<line hits="0" number="78"/>
						<line hits="0" number="79"/>
						<line hits="0" number="80"/>
						<line hits="0" number="82"/>
						<line hits="1" number="85"/>
						<line branch="true" condition-coverage="0% (0/2)" hits="0" missing-branches="100,109" number="97"/>
						<line hits="0" number="100"/>
						<line hits="0" number="101"/>
						<line hits="0" number="102"/>
						<line hits="0" number="106"/>
						<line hits="0" number="107"/>
						<line hits="0" number="109"/>
						<line hits="1" number="112"/>
						<line hits="0" number="113"/>
						<line hits="0" number="114"/>
						<line hits="0" number="117"/>
						<line hits="0" number="118"/>
						<line hits="0" number="120"/>
						<line hits="1" number="123"/>
						<line branch="true" condition-coverage="0% (0/2)" hits="0" missing-branches="144,147" number="143"/>
						<line hits="0" number="144"/>
						<line hits="0" number="147"/>
						<line hits="1" number="150"/>
						<line hits="0" number="161"/>
						<line hits="0" number="162"/>
						<line hits="0" number="163"/>
						<line branch="true" condition-coverage="0% (0/2)" hits="0" missing-branches="165,166" number="164"/>
						<line hits="0" number="165"/>
						<line hits="0" number="166"/>
						<line hits="1" number="169"/>
						<line hits="0" number="171"/>
						<line hits="0" number="172"/>
						<line hits="1" number="175"/>
						<line hits="0" number="177"/>
						<line hits="1" number="180"/>
						<line hits="0" number="194"/>
						<line hits="0" number="195"/>
						<line branch="true" condition-coverage="0% (0/2)" hits="0" missing-branches="199,202" number="197"/>
						<line hits="0" number="199"/>
						<line hits="0" number="202"/>
						<line hits="0" number="203"/>
						<line hits="0" number="205"/>
						<line hits="1" number="208"/>
						<line hits="0" number="210"/>
						<line hits="1" number="213"/>
						<line hits="0" number="226"/>
						<line hits="1" number="229"/>
						<line hits="0" number="251"/>
						<line hits="0" number="252"/>
						<line branch="true" condition-coverage="0% (0/2)" hits="0" missing-branches="255,264" number="254"/>
						<line branch="true" condition-coverage="0% (0/2)" hits="0" missing-branches="256,258" number="255"/>
						<line hits="0" number="256"/>
						<line hits="0" number="258"/>
						<line branch="true" condition-coverage="0% (0/2)" hits="0" missing-branches="261,264" number="259"/>
						<line hits="0" number="261"/>
						<line hits="0" number="264"/>
						<line hits="0" number="265"/>
						<line hits="0" number="267"/>
						<line branch="true" condition-coverage="100% (2/2)" hits="1" number="306"/>
						<line hits="1" number="309"/>
						<line hits="0" number="310"/>
						<line hits="0" number="311"/>
						<line hits="1" number="314"/>
						<line hits="0" number="316"/>
						<line hits="0" number="317"/>
						<line hits="0" number="319"/>
						<line hits="0" number="320"/>
						<line hits="0" number="321"/>
						<line hits="0" number="323"/>
					</lines>
				</class>
			</classes>
		</package>
	</packages>
</coverage>
