<?xml version="1.0" ?>
<coverage branch-rate="0.05989" branches-covered="53" branches-valid="885" complexity="0" line-rate="0.2095" lines-covered="505" lines-valid="2410" timestamp="1639676145218" version="6.2">
	<!-- Generated by coverage.py: https://coverage.readthedocs.io -->
	<!-- Based on https://raw.githubusercontent.com/cobertura/web/master/htdocs/xml/coverage-04.dtd -->
	<sources>
		<source>/home/runner/work/mkdocs-gallery/mkdocs-gallery</source>
	</sources>
	<packages>
		<package branch-rate="0.05989" complexity="0" line-rate="0.2095" name="mkdocs_gallery">
			<classes>
				<class branch-rate="1" complexity="0" filename="mkdocs_gallery/__init__.py" line-rate="0.8571" name="__init__.py">
					<methods/>
					<lines>
						<line hits="1" number="6"/>
						<line hits="1" number="8"/>
						<line hits="1" number="11"/>
						<line hits="1" number="20"/>
						<line hits="1" number="23"/>
						<line hits="0" number="25"/>
						<line hits="1" number="28"/>
					</lines>
				</class>
				<class branch-rate="1" complexity="0" filename="mkdocs_gallery/_version.py" line-rate="1" name="_version.py">
					<methods/>
					<lines>
						<line hits="1" number="4"/>
						<line hits="1" number="5"/>
					</lines>
				</class>
				<class branch-rate="0.05128" complexity="0" filename="mkdocs_gallery/backreferences.py" line-rate="0.1892" name="backreferences.py">
					<methods/>
					<lines>
						<line hits="1" number="6"/>
						<line hits="1" number="12"/>
						<line hits="1" number="14"/>
						<line hits="1" number="16"/>
						<line hits="1" number="18"/>
						<line hits="1" number="19"/>
						<line hits="1" number="20"/>
						<line hits="1" number="21"/>
						<line hits="1" number="22"/>
						<line hits="1" number="23"/>
						<line hits="1" number="24"/>
						<line hits="1" number="25"/>
						<line hits="1" number="27"/>
						<line hits="1" number="29"/>
						<line hits="1" number="30"/>
						<line hits="1" number="31"/>
						<line branch="true" condition-coverage="100% (2/2)" hits="1" number="34"/>
						<line hits="1" number="37"/>
						<line hits="0" number="39"/>
						<line hits="1" number="41"/>
						<line hits="0" number="44"/>
						<line branch="true" condition-coverage="100% (2/2)" hits="1" number="47"/>
						<line hits="1" number="53"/>
						<line hits="0" number="54"/>
						<line hits="0" number="55"/>
						<line hits="0" number="56"/>
						<line hits="0" number="57"/>
						<line hits="1" number="59"/>
						<line branch="true" condition-coverage="0% (0/2)" hits="0" missing-branches="exit,61" number="60"/>
						<line hits="0" number="61"/>
						<line hits="0" number="62"/>
						<line hits="1" number="64"/>
						<line hits="0" number="65"/>
						<line hits="1" number="67"/>
						<line hits="0" number="68"/>
						<line hits="1" number="70"/>
						<line hits="0" number="71"/>
						<line branch="true" condition-coverage="0% (0/2)" hits="0" missing-branches="73,76" number="72"/>
						<line hits="0" number="73"/>
						<line hits="0" number="74"/>
						<line branch="true" condition-coverage="0% (0/2)" hits="0" missing-branches="78,82" number="76"/>
						<line hits="0" number="78"/>
						<line hits="0" number="79"/>
						<line hits="0" number="82"/>
						<line hits="1" number="84"/>
						<line hits="0" number="85"/>
						<line branch="true" condition-coverage="0% (0/2)" hits="0" missing-branches="87,149" number="86"/>
						<line hits="0" number="87"/>
						<line branch="true" condition-coverage="0% (0/2)" hits="0" missing-branches="90,141" number="89"/>
						<line hits="0" number="90"/>
						<line hits="0" number="91"/>
						<line branch="true" condition-coverage="0% (0/2)" hits="0" missing-branches="89,93" number="92"/>
						<line hits="0" number="93"/>
						<line hits="0" number="94"/>
						<line branch="true" condition-coverage="0% (0/2)" hits="0" missing-branches="96,112" number="95"/>
						<line branch="true" condition-coverage="0% (0/2)" hits="0" missing-branches="97,112" number="96"/>
						<line hits="0" number="97"/>
						<line hits="0" number="99"/>
						<line branch="true" condition-coverage="0% (0/2)" hits="0" missing-branches="101,104" number="100"/>
						<line hits="0" number="101"/>
						<line hits="0" number="102"/>
						<line hits="0" number="103"/>
						<line hits="0" number="104"/>
						<line hits="0" number="105"/>
						<line hits="0" number="106"/>
						<line hits="0" number="107"/>
						<line branch="true" condition-coverage="0% (0/2)" hits="0" missing-branches="96,109" number="108"/>
						<line hits="0" number="109"/>
						<line hits="0" number="110"/>
						<line hits="0" number="111"/>
						<line hits="0" number="112"/>
						<line hits="0" number="113"/>
						<line branch="true" condition-coverage="0% (0/2)" hits="0" missing-branches="116,125" number="114"/>
						<line hits="0" number="116"/>
						<line hits="0" number="117"/>
						<line branch="true" condition-coverage="0% (0/2)" hits="0" missing-branches="119,126" number="118"/>
						<line branch="true" condition-coverage="0% (0/2)" hits="0" missing-branches="121,123" number="119"/>
						<line branch="true" condition-coverage="0% (0/2)" hits="0" missing-branches="119,122" number="121"/>
						<line hits="0" number="122"/>
						<line hits="0" number="123"/>
						<line hits="0" number="125"/>
						<line branch="true" condition-coverage="0% (0/2)" hits="0" missing-branches="89,127" number="126"/>
						<line hits="0" number="127"/>
						<line branch="true" condition-coverage="0% (0/2)" hits="0" missing-branches="126,129" number="128"/>
						<line hits="0" number="129"/>
						<line hits="0" number="130"/>
						<line branch="true" condition-coverage="0% (0/2)" hits="0" missing-branches="126,134" number="133"/>
						<line hits="0" number="134"/>
						<line hits="0" number="136"/>
						<line branch="true" condition-coverage="0% (0/2)" hits="0" missing-branches="86,142" number="141"/>
						<line hits="0" number="142"/>
						<line hits="0" number="143"/>
						<line branch="true" condition-coverage="0% (0/2)" hits="0" missing-branches="141,145" number="144"/>
						<line hits="0" number="145"/>
						<line hits="0" number="146"/>
						<line hits="0" number="147"/>
						<line hits="0" number="149"/>
						<line hits="1" number="152"/>
						<line hits="0" number="159"/>
						<line hits="0" number="160"/>
						<line hits="0" number="161"/>
						<line hits="0" number="162"/>
						<line hits="0" number="164"/>
						<line hits="1" number="167"/>
						<line branch="true" condition-coverage="0% (0/2)" hits="0" missing-branches="170,172" number="169"/>
						<line hits="0" number="170"/>
						<line hits="0" number="172"/>
						<line hits="0" number="174"/>
						<line hits="0" number="176"/>
						<line hits="0" number="177"/>
						<line hits="0" number="178"/>
						<line hits="0" number="180"/>
						<line branch="true" condition-coverage="0% (0/2)" hits="0" missing-branches="182,184" number="181"/>
						<line hits="0" number="182"/>
						<line hits="0" number="184"/>
						<line hits="0" number="185"/>
						<line branch="true" condition-coverage="0% (0/2)" hits="0" missing-branches="187,197" number="186"/>
						<line hits="0" number="187"/>
						<line hits="0" number="189"/>
						<line hits="0" number="190"/>
						<line hits="0" number="192"/>
						<line hits="0" number="193"/>
						<line hits="0" number="195"/>
						<line hits="0" number="196"/>
						<line hits="0" number="197"/>
						<line hits="1" number="200"/>
						<line hits="1" number="209"/>
						<line branch="true" condition-coverage="0% (0/2)" hits="0" missing-branches="213,217" number="212"/>
						<line branch="true" condition-coverage="0% (0/2)" hits="0" missing-branches="exit,214" number="213"/>
						<line hits="0" number="214"/>
						<line hits="0" number="217"/>
						<line branch="true" condition-coverage="0% (0/2)" hits="0" missing-branches="219,220" number="218"/>
						<line hits="0" number="219"/>
						<line hits="0" number="220"/>
						<line branch="true" condition-coverage="0% (0/2)" hits="0" missing-branches="exit,224" number="223"/>
						<line branch="true" condition-coverage="0% (0/2)" hits="0" missing-branches="exit,225" number="224"/>
						<line hits="0" number="225"/>
						<line branch="true" condition-coverage="0% (0/2)" hits="0" missing-branches="229,252" number="228"/>
						<line branch="true" condition-coverage="0% (0/2)" hits="0" missing-branches="230,234" number="229"/>
						<line hits="0" number="230"/>
						<line hits="0" number="234"/>
						<line branch="true" condition-coverage="0% (0/2)" hits="0" missing-branches="236,237" number="235"/>
						<line hits="0" number="236"/>
						<line branch="true" condition-coverage="0% (0/2)" hits="0" missing-branches="238,241" number="237"/>
						<line hits="0" number="238"/>
						<line hits="0" number="239"/>
						<line hits="0" number="241"/>
						<line hits="0" number="243"/>
						<line hits="0" number="246"/>
						<line hits="0" number="247"/>
						<line hits="0" number="250"/>
						<line hits="0" number="252"/>
						<line hits="1" number="256"/>
						<line hits="1" number="273"/>
						<line hits="1" number="281"/>
						<line branch="true" condition-coverage="0% (0/2)" hits="0" missing-branches="304,307" number="302"/>
						<line hits="0" number="304"/>
						<line hits="0" number="307"/>
						<line hits="0" number="310"/>
						<line hits="0" number="312"/>
						<line hits="0" number="313"/>
						<line hits="1" number="317"/>
						<line hits="0" number="333"/>
						<line branch="true" condition-coverage="0% (0/2)" hits="0" missing-branches="exit,337" number="335"/>
						<line hits="0" number="337"/>
						<line hits="0" number="340"/>
						<line hits="0" number="341"/>
						<line branch="true" condition-coverage="0% (0/2)" hits="0" missing-branches="346,351" number="343"/>
						<line hits="0" number="346"/>
						<line hits="0" number="347"/>
						<line hits="0" number="348"/>
						<line hits="0" number="351"/>
						<line hits="0" number="352"/>
						<line hits="1" number="355"/>
						<line hits="0" number="357"/>
						<line branch="true" condition-coverage="0% (0/2)" hits="0" missing-branches="359,361" number="358"/>
						<line hits="0" number="359"/>
						<line branch="true" condition-coverage="0% (0/2)" hits="0" missing-branches="exit,363" number="361"/>
						<line hits="0" number="363"/>
						<line branch="true" condition-coverage="0% (0/2)" hits="0" missing-branches="366,369" number="364"/>
						<line hits="0" number="366"/>
						<line hits="0" number="369"/>
						<line hits="0" number="370"/>
						<line hits="0" number="371"/>
						<line hits="0" number="372"/>
					</lines>
				</class>
				<class branch-rate="0" complexity="0" filename="mkdocs_gallery/binder.py" line-rate="0.1818" name="binder.py">
					<methods/>
					<lines>
						<line hits="1" number="6"/>
						<line hits="1" number="9"/>
						<line hits="1" number="11"/>
						<line hits="1" number="13"/>
						<line hits="1" number="14"/>
						<line hits="1" number="15"/>
						<line hits="1" number="17"/>
						<line hits="1" number="19"/>
						<line hits="1" number="20"/>
						<line hits="1" number="21"/>
						<line hits="1" number="23"/>
						<line hits="1" number="26"/>
						<line hits="0" number="42"/>
						<line hits="0" number="43"/>
						<line hits="0" number="46"/>
						<line branch="true" condition-coverage="0% (0/2)" hits="0" missing-branches="50,53" number="49"/>
						<line hits="0" number="50"/>
						<line hits="0" number="53"/>
						<line hits="0" number="58"/>
						<line branch="true" condition-coverage="0% (0/2)" hits="0" missing-branches="65,67" number="64"/>
						<line hits="0" number="65"/>
						<line hits="0" number="67"/>
						<line hits="0" number="68"/>
						<line hits="1" number="71"/>
						<line hits="0" number="98"/>
						<line hits="0" number="107"/>
						<line branch="true" condition-coverage="0% (0/2)" hits="0" missing-branches="110,113" number="108"/>
						<line hits="0" number="110"/>
						<line hits="0" number="111"/>
						<line hits="0" number="113"/>
						<line hits="0" number="116"/>
						<line hits="1" number="119"/>
						<line hits="0" number="128"/>
						<line branch="true" condition-coverage="0% (0/2)" hits="0" missing-branches="131,133" number="130"/>
						<line hits="0" number="131"/>
						<line hits="0" number="133"/>
						<line hits="0" number="134"/>
						<line hits="0" number="135"/>
						<line hits="1" number="138"/>
						<line hits="0" number="143"/>
						<line branch="true" condition-coverage="0% (0/2)" hits="0" missing-branches="147,151" number="146"/>
						<line branch="true" condition-coverage="0% (0/2)" hits="0" missing-branches="146,148" number="147"/>
						<line hits="0" number="148"/>
						<line hits="0" number="151"/>
						<line branch="true" condition-coverage="0% (0/2)" hits="0" missing-branches="153,156" number="152"/>
						<line hits="0" number="153"/>
						<line branch="true" condition-coverage="0% (0/2)" hits="0" missing-branches="exit,157" number="156"/>
						<line hits="0" number="157"/>
						<line hits="1" number="160"/>
						<line hits="0" number="165"/>
						<line branch="true" condition-coverage="0% (0/2)" hits="0" missing-branches="167,176" number="166"/>
						<line branch="true" condition-coverage="0% (0/2)" hits="0" missing-branches="169,170" number="167"/>
						<line hits="0" number="169"/>
						<line branch="true" condition-coverage="0% (0/2)" hits="0" missing-branches="172,175" number="170"/>
						<line hits="0" number="172"/>
						<line hits="0" number="175"/>
						<line hits="0" number="176"/>
						<line hits="1" number="179"/>
						<line hits="0" number="185"/>
						<line hits="0" number="186"/>
						<line hits="0" number="187"/>
						<line hits="0" number="188"/>
						<line hits="0" number="189"/>
						<line branch="true" condition-coverage="0% (0/2)" hits="0" missing-branches="192,194" number="191"/>
						<line hits="0" number="192"/>
						<line branch="true" condition-coverage="0% (0/2)" hits="0" missing-branches="exit,195" number="194"/>
						<line hits="0" number="195"/>
						<line hits="0" number="196"/>
						<line hits="1" number="199"/>
						<line hits="0" number="203"/>
						<line branch="true" condition-coverage="0% (0/2)" hits="0" missing-branches="205,206" number="204"/>
						<line hits="0" number="205"/>
						<line branch="true" condition-coverage="0% (0/2)" hits="0" missing-branches="207,210" number="206"/>
						<line hits="0" number="207"/>
						<line hits="0" number="210"/>
						<line hits="0" number="211"/>
						<line hits="0" number="212"/>
						<line branch="true" condition-coverage="0% (0/2)" hits="0" missing-branches="214,217" number="213"/>
						<line branch="true" condition-coverage="0% (0/2)" hits="0" missing-branches="213,215" number="214"/>
						<line hits="0" number="215"/>
						<line branch="true" condition-coverage="0% (0/2)" hits="0" missing-branches="218,220" number="217"/>
						<line hits="0" number="218"/>
						<line branch="true" condition-coverage="0% (0/2)" hits="0" missing-branches="221,225" number="220"/>
						<line branch="true" condition-coverage="0% (0/2)" hits="0" missing-branches="220,222" number="221"/>
						<line hits="0" number="222"/>
						<line branch="true" condition-coverage="0% (0/3)" hits="0" missing-branches="exit,226,230" number="225"/>
						<line hits="0" number="226"/>
						<line hits="0" number="230"/>
						<line hits="0" number="232"/>
						<line branch="true" condition-coverage="0% (0/2)" hits="0" missing-branches="234,236" number="233"/>
						<line hits="0" number="234"/>
						<line hits="0" number="235"/>
						<line branch="true" condition-coverage="0% (0/2)" hits="0" missing-branches="237,239" number="236"/>
						<line hits="0" number="237"/>
						<line hits="0" number="239"/>
						<line branch="true" condition-coverage="0% (0/2)" hits="0" missing-branches="exit,242" number="241"/>
						<line branch="true" condition-coverage="0% (0/3)" hits="0" missing-branches="exit,243,247" number="242"/>
						<line hits="0" number="243"/>
						<line hits="0" number="247"/>
					</lines>
				</class>
				<class branch-rate="1" complexity="0" filename="mkdocs_gallery/docs_resolv.py" line-rate="1" name="docs_resolv.py">
					<methods/>
					<lines/>
				</class>
				<class branch-rate="0" complexity="0" filename="mkdocs_gallery/downloads.py" line-rate="0" name="downloads.py">
					<methods/>
					<lines>
						<line hits="0" number="6"/>
						<line hits="0" number="10"/>
						<line hits="0" number="12"/>
						<line hits="0" number="14"/>
						<line hits="0" number="16"/>
						<line hits="0" number="17"/>
						<line hits="0" number="19"/>
						<line hits="0" number="22"/>
						<line hits="0" number="44"/>
						<line hits="0" number="47"/>
						<line hits="0" number="48"/>
						<line branch="true" condition-coverage="0% (0/2)" hits="0" missing-branches="50,54" number="49"/>
						<line hits="0" number="50"/>
						<line hits="0" number="51"/>
						<line hits="0" number="54"/>
						<line hits="0" number="56"/>
						<line hits="0" number="59"/>
						<line hits="0" number="75"/>
						<line hits="0" number="78"/>
						<line hits="0" number="79"/>
						<line hits="0" number="81"/>
						<line hits="0" number="82"/>
						<line hits="0" number="89"/>
					</lines>
				</class>
				<class branch-rate="1" complexity="0" filename="mkdocs_gallery/errors.py" line-rate="1" name="errors.py">
					<methods/>
					<lines>
						<line hits="1" number="6"/>
						<line hits="1" number="10"/>
						<line branch="true" condition-coverage="100% (2/2)" hits="1" number="13"/>
						<line branch="true" condition-coverage="100% (2/2)" hits="1" number="20"/>
						<line hits="1" number="21"/>
						<line branch="true" condition-coverage="100% (2/2)" hits="1" number="24"/>
						<line hits="1" number="25"/>
					</lines>
				</class>
				<class branch-rate="0.1667" complexity="0" filename="mkdocs_gallery/gen_data_model.py" line-rate="0.4483" name="gen_data_model.py">
					<methods/>
					<lines>
						<line hits="1" number="6"/>
						<line hits="1" number="10"/>
						<line hits="1" number="12"/>
						<line hits="1" number="14"/>
						<line hits="1" number="16"/>
						<line hits="1" number="17"/>
						<line hits="1" number="18"/>
						<line hits="1" number="20"/>
						<line hits="1" number="22"/>
						<line hits="1" number="24"/>
						<line hits="1" number="25"/>
						<line hits="1" number="28"/>
						<line hits="0" number="29"/>
						<line hits="1" number="32"/>
						<line hits="0" number="35"/>
						<line hits="0" number="38"/>
						<line branch="true" condition-coverage="0% (0/2)" hits="0" missing-branches="40,44" number="39"/>
						<line branch="true" condition-coverage="0% (0/2)" hits="0" missing-branches="39,41" number="40"/>
						<line hits="0" number="41"/>
						<line branch="true" condition-coverage="0% (0/2)" hits="0" missing-branches="40,43" number="42"/>
						<line hits="0" number="43"/>
						<line branch="true" condition-coverage="0% (0/2)" hits="0" missing-branches="45,49" number="44"/>
						<line hits="0" number="45"/>
						<line hits="0" number="49"/>
						<line branch="true" condition-coverage="100% (2/2)" hits="1" number="52"/>
						<line hits="1" number="61"/>
						<line hits="0" number="62"/>
						<line hits="0" number="63"/>
						<line hits="0" number="64"/>
						<line hits="1" number="66"/>
						<line hits="1" number="67"/>
						<line hits="0" number="68"/>
						<line hits="1" number="70"/>
						<line hits="0" number="72"/>
						<line hits="1" number="74"/>
						<line branch="true" condition-coverage="0% (0/2)" hits="0" missing-branches="78,80" number="77"/>
						<line hits="0" number="78"/>
						<line hits="0" number="80"/>
						<line hits="1" number="85"/>
						<line hits="0" number="87"/>
						<line hits="0" number="88"/>
						<line hits="0" number="89"/>
						<line branch="true" condition-coverage="100% (2/2)" hits="1" number="92"/>
						<line hits="1" number="94"/>
						<line hits="1" number="96"/>
						<line hits="0" number="97"/>
						<line hits="0" number="98"/>
						<line hits="0" number="99"/>
						<line hits="0" number="100"/>
						<line hits="0" number="101"/>
						<line hits="1" number="103"/>
						<line hits="1" number="104"/>
						<line hits="0" number="106"/>
						<line branch="true" condition-coverage="100% (2/2)" hits="1" number="109"/>
						<line hits="1" number="111"/>
						<line hits="1" number="115"/>
						<line hits="0" number="117"/>
						<line hits="0" number="120"/>
						<line hits="0" number="123"/>
						<line hits="0" number="126"/>
						<line hits="0" number="129"/>
						<line hits="0" number="132"/>
						<line branch="true" condition-coverage="100% (2/2)" hits="1" number="135"/>
						<line hits="1" number="138"/>
						<line hits="1" number="140"/>
						<line hits="0" number="141"/>
						<line hits="0" number="144"/>
						<line hits="0" number="145"/>
						<line hits="0" number="148"/>
						<line hits="0" number="151"/>
						<line hits="0" number="152"/>
						<line hits="0" number="153"/>
						<line hits="1" number="155"/>
						<line hits="1" number="156"/>
						<line hits="0" number="158"/>
						<line hits="1" number="160"/>
						<line hits="1" number="161"/>
						<line hits="0" number="163"/>
						<line hits="1" number="165"/>
						<line hits="1" number="166"/>
						<line hits="0" number="168"/>
						<line hits="1" number="170"/>
						<line hits="1" number="171"/>
						<line hits="0" number="173"/>
						<line hits="1" number="175"/>
						<line hits="1" number="176"/>
						<line hits="0" number="178"/>
						<line hits="1" number="180"/>
						<line hits="0" number="191"/>
						<line hits="0" number="192"/>
						<line hits="0" number="193"/>
						<line hits="1" number="195"/>
						<line branch="true" condition-coverage="0% (0/2)" hits="0" missing-branches="199,200" number="198"/>
						<line hits="0" number="199"/>
						<line hits="0" number="200"/>
						<line hits="1" number="202"/>
						<line hits="1" number="203"/>
						<line hits="0" number="205"/>
						<line hits="1" number="207"/>
						<line hits="1" number="208"/>
						<line hits="0" number="210"/>
						<line hits="1" number="212"/>
						<line hits="0" number="215"/>
						<line hits="1" number="217"/>
						<line hits="0" number="221"/>
						<line branch="true" condition-coverage="0% (0/2)" hits="0" missing-branches="223,225" number="222"/>
						<line hits="0" number="223"/>
						<line hits="0" number="225"/>
						<line hits="1" number="227"/>
						<line hits="1" number="228"/>
						<line hits="0" number="230"/>
						<line hits="1" number="232"/>
						<line hits="1" number="233"/>
						<line hits="0" number="235"/>
						<line hits="1" number="237"/>
						<line hits="0" number="240"/>
						<line hits="0" number="241"/>
						<line hits="1" number="243"/>
						<line hits="0" number="245"/>
						<line hits="1" number="247"/>
						<line hits="0" number="251"/>
						<line hits="0" number="254"/>
						<line branch="true" condition-coverage="0% (0/2)" hits="0" missing-branches="256,259" number="255"/>
						<line hits="0" number="256"/>
						<line hits="0" number="257"/>
						<line hits="0" number="259"/>
						<line hits="0" number="261"/>
						<line hits="1" number="263"/>
						<line hits="1" number="264"/>
						<line hits="0" number="266"/>
						<line hits="1" number="268"/>
						<line hits="0" number="270"/>
						<line hits="1" number="272"/>
						<line hits="0" number="274"/>
						<line hits="0" number="277"/>
						<line hits="0" number="280"/>
						<line hits="1" number="282"/>
						<line branch="true" condition-coverage="0% (0/2)" hits="0" missing-branches="exit,285" number="284"/>
						<line branch="true" condition-coverage="0% (0/2)" hits="0" missing-branches="284,286" number="285"/>
						<line hits="0" number="286"/>
						<line hits="1" number="288"/>
						<line hits="1" number="289"/>
						<line hits="0" number="291"/>
						<line hits="1" number="293"/>
						<line hits="1" number="294"/>
						<line hits="0" number="296"/>
						<line hits="1" number="298"/>
						<line hits="1" number="299"/>
						<line hits="0" number="301"/>
						<line hits="1" number="303"/>
						<line hits="0" number="312"/>
						<line hits="0" number="313"/>
						<line hits="0" number="316"/>
						<line hits="0" number="317"/>
						<line hits="0" number="318"/>
						<line hits="0" number="321"/>
						<line hits="1" number="323"/>
						<line hits="0" number="335"/>
						<line hits="0" number="336"/>
						<line branch="true" condition-coverage="0% (0/2)" hits="0" missing-branches="341,343" number="339"/>
						<line hits="0" number="341"/>
						<line branch="true" condition-coverage="0% (0/2)" hits="0" missing-branches="346,360" number="343"/>
						<line branch="true" condition-coverage="0% (0/2)" hits="0" missing-branches="347,351" number="346"/>
						<line hits="0" number="347"/>
						<line branch="true" condition-coverage="0% (0/2)" hits="0" missing-branches="352,355" number="351"/>
						<line hits="0" number="352"/>
						<line hits="0" number="355"/>
						<line hits="0" number="360"/>
						<line hits="0" number="362"/>
						<line hits="1" number="364"/>
						<line hits="0" number="366"/>
						<line hits="0" number="367"/>
						<line branch="true" condition-coverage="100% (2/2)" hits="1" number="370"/>
						<line hits="1" number="372"/>
						<line hits="1" number="374"/>
						<line hits="1" number="375"/>
						<line hits="1" number="376"/>
						<line hits="1" number="379"/>
						<line hits="1" number="380"/>
						<line hits="1" number="381"/>
						<line hits="1" number="384"/>
						<line hits="1" number="385"/>
						<line hits="1" number="386"/>
						<line hits="1" number="389"/>
						<line hits="1" number="390"/>
						<line hits="1" number="391"/>
						<line hits="1" number="394"/>
						<line hits="1" number="395"/>
						<line hits="1" number="396"/>
						<line hits="1" number="399"/>
						<line hits="1" number="400"/>
						<line hits="1" number="401"/>
						<line hits="1" number="404"/>
						<line hits="1" number="405"/>
						<line hits="0" number="407"/>
						<line hits="0" number="408"/>
						<line hits="0" number="409"/>
						<line hits="0" number="410"/>
						<line hits="0" number="411"/>
						<line hits="1" number="413"/>
						<line hits="1" number="414"/>
						<line hits="0" number="416"/>
						<line hits="1" number="418"/>
						<line hits="1" number="419"/>
						<line hits="0" number="421"/>
						<line hits="1" number="423"/>
						<line hits="0" number="425"/>
						<line hits="1" number="427"/>
						<line hits="0" number="438"/>
						<line hits="0" number="441"/>
						<line branch="true" condition-coverage="0% (0/2)" hits="0" missing-branches="445,448" number="444"/>
						<line branch="true" condition-coverage="0% (0/2)" hits="0" missing-branches="exit,448" number="445"/>
						<line branch="true" condition-coverage="0% (0/2)" hits="0" missing-branches="449,452" number="448"/>
						<line hits="0" number="449"/>
						<line branch="true" condition-coverage="0% (0/2)" hits="0" missing-branches="exit,exit" number="452"/>
						<line hits="1" number="454"/>
						<line branch="true" condition-coverage="0% (0/2)" hits="0" missing-branches="exit,exit" number="456"/>
						<line hits="1" number="458"/>
						<line hits="1" number="459"/>
						<line hits="1" number="460"/>
						<line hits="1" number="463"/>
						<line hits="1" number="464"/>
						<line hits="1" number="465"/>
						<line hits="1" number="468"/>
						<line hits="1" number="469"/>
						<line hits="1" number="470"/>
						<line hits="1" number="473"/>
						<line branch="true" condition-coverage="0% (0/2)" hits="0" missing-branches="exit,476" number="475"/>
						<line hits="0" number="476"/>
						<line hits="1" number="478"/>
						<line hits="1" number="479"/>
						<line hits="0" number="481"/>
						<line hits="1" number="483"/>
						<line branch="true" condition-coverage="0% (0/2)" hits="0" missing-branches="486,488" number="485"/>
						<line hits="0" number="486"/>
						<line hits="0" number="488"/>
						<line hits="1" number="490"/>
						<line hits="1" number="491"/>
						<line hits="0" number="493"/>
						<line hits="1" number="495"/>
						<line branch="true" condition-coverage="0% (0/2)" hits="0" missing-branches="498,500" number="497"/>
						<line hits="0" number="498"/>
						<line hits="0" number="500"/>
						<line hits="1" number="502"/>
						<line hits="1" number="503"/>
						<line branch="true" condition-coverage="100% (2/2)" hits="1" number="507"/>
						<line hits="1" number="509"/>
						<line hits="1" number="511"/>
						<line hits="0" number="512"/>
						<line hits="1" number="514"/>
						<line hits="0" number="525"/>
						<line hits="0" number="526"/>
						<line hits="0" number="527"/>
						<line hits="1" number="529"/>
						<line hits="1" number="530"/>
						<line hits="0" number="532"/>
						<line hits="1" number="534"/>
						<line hits="0" number="537"/>
						<line hits="1" number="539"/>
						<line hits="1" number="540"/>
						<line hits="0" number="542"/>
						<line hits="1" number="544"/>
						<line hits="0" number="547"/>
						<line hits="1" number="549"/>
						<line hits="0" number="552"/>
						<line hits="1" number="554"/>
						<line hits="0" number="557"/>
						<line hits="1" number="559"/>
						<line hits="1" number="560"/>
						<line hits="0" number="562"/>
						<line hits="1" number="564"/>
						<line hits="0" number="567"/>
						<line hits="1" number="569"/>
						<line hits="0" number="571"/>
						<line branch="true" condition-coverage="100% (2/2)" hits="1" number="574"/>
						<line hits="1" number="579"/>
						<line hits="1" number="581"/>
						<line hits="1" number="583"/>
						<line hits="0" number="603"/>
						<line hits="0" number="604"/>
						<line hits="0" number="605"/>
						<line hits="0" number="608"/>
						<line hits="0" number="609"/>
						<line hits="0" number="610"/>
						<line hits="0" number="612"/>
						<line hits="0" number="615"/>
						<line branch="true" condition-coverage="0% (0/2)" hits="0" missing-branches="exit,619" number="618"/>
						<line hits="0" number="619"/>
						<line hits="1" number="621"/>
						<line hits="0" number="622"/>
						<line hits="1" number="624"/>
						<line hits="1" number="625"/>
						<line hits="0" number="627"/>
						<line hits="1" number="629"/>
						<line hits="1" number="630"/>
						<line hits="0" number="632"/>
						<line hits="1" number="634"/>
						<line hits="1" number="635"/>
						<line hits="0" number="637"/>
						<line hits="1" number="639"/>
						<line hits="1" number="640"/>
						<line hits="0" number="643"/>
						<line hits="1" number="645"/>
						<line hits="1" number="646"/>
						<line hits="0" number="648"/>
						<line hits="1" number="650"/>
						<line hits="1" number="651"/>
						<line hits="0" number="653"/>
						<line hits="1" number="655"/>
						<line hits="0" number="658"/>
						<line branch="true" condition-coverage="0% (0/2)" hits="0" missing-branches="exit,665" number="661"/>
						<line hits="0" number="665"/>
						<line hits="0" number="666"/>
						<line branch="true" condition-coverage="0% (0/2)" hits="0" missing-branches="668,672" number="667"/>
						<line hits="0" number="668"/>
						<line hits="0" number="670"/>
						<line hits="0" number="672"/>
						<line branch="true" condition-coverage="0% (0/2)" hits="0" missing-branches="exit,exit" number="674"/>
						<line hits="1" number="679"/>
						<line branch="true" condition-coverage="0% (0/2)" hits="0" missing-branches="695,699" number="694"/>
						<line branch="true" condition-coverage="0% (0/2)" hits="0" missing-branches="696,699" number="695"/>
						<line hits="0" number="696"/>
						<line hits="0" number="699"/>
						<line hits="1" number="701"/>
						<line hits="0" number="702"/>
						<line branch="true" condition-coverage="0% (0/2)" hits="0" missing-branches="704,706" number="703"/>
						<line branch="true" condition-coverage="0% (0/2)" hits="0" missing-branches="705,706" number="704"/>
						<line hits="0" number="705"/>
						<line hits="0" number="706"/>
						<line hits="1" number="708"/>
						<line hits="0" number="710"/>
						<line hits="1" number="712"/>
						<line hits="1" number="713"/>
						<line hits="0" number="715"/>
						<line hits="1" number="717"/>
						<line hits="0" number="720"/>
						<line hits="1" number="722"/>
						<line hits="0" number="724"/>
						<line branch="true" condition-coverage="0% (0/2)" hits="0" missing-branches="726,729" number="725"/>
						<line branch="true" condition-coverage="0% (0/2)" hits="0" missing-branches="727,729" number="726"/>
						<line hits="0" number="727"/>
						<line hits="0" number="729"/>
						<line hits="1" number="731"/>
						<line hits="1" number="732"/>
						<line hits="0" number="733"/>
						<line hits="1" number="735"/>
						<line hits="1" number="736"/>
						<line hits="0" number="737"/>
						<line hits="1" number="739"/>
						<line hits="1" number="740"/>
						<line hits="0" number="741"/>
						<line hits="1" number="743"/>
						<line hits="1" number="744"/>
						<line hits="0" number="745"/>
						<line branch="true" condition-coverage="100% (2/2)" hits="1" number="748"/>
						<line hits="1" number="750"/>
						<line hits="1" number="752"/>
						<line hits="0" number="775"/>
						<line hits="0" number="777"/>
						<line hits="0" number="778"/>
						<line hits="0" number="780"/>
						<line hits="0" number="782"/>
						<line hits="1" number="784"/>
						<line hits="1" number="785"/>
						<line hits="0" number="786"/>
						<line hits="1" number="788"/>
						<line hits="1" number="789"/>
						<line hits="0" number="790"/>
						<line hits="1" number="792"/>
						<line hits="0" number="804"/>
						<line hits="0" number="805"/>
						<line hits="0" number="808"/>
						<line hits="0" number="812"/>
						<line hits="1" number="814"/>
						<line branch="true" condition-coverage="0% (0/2)" hits="0" missing-branches="exit,817" number="816"/>
						<line hits="0" number="817"/>
						<line hits="1" number="819"/>
						<line branch="true" condition-coverage="0% (0/2)" hits="0" missing-branches="exit,824" number="823"/>
						<line hits="0" number="824"/>
						<line hits="1" number="828"/>
						<line branch="true" condition-coverage="0% (0/2)" hits="0" missing-branches="exit,exit" number="829"/>
						<line hits="1" number="831"/>
						<line hits="1" number="832"/>
						<line hits="0" number="834"/>
						<line hits="1" number="836"/>
						<line hits="0" number="838"/>
						<line hits="1" number="840"/>
						<line hits="1" number="841"/>
						<line hits="0" number="849"/>
						<line hits="0" number="850"/>
						<line branch="true" condition-coverage="0% (0/2)" hits="0" missing-branches="852,855" number="851"/>
						<line hits="0" number="852"/>
						<line hits="0" number="855"/>
						<line hits="0" number="858"/>
						<line hits="0" number="859"/>
						<line branch="true" condition-coverage="0% (0/2)" hits="0" missing-branches="862,864" number="861"/>
						<line hits="0" number="862"/>
						<line branch="true" condition-coverage="0% (0/2)" hits="0" missing-branches="865,868" number="864"/>
						<line hits="0" number="865"/>
						<line hits="0" number="868"/>
						<line branch="true" condition-coverage="0% (0/2)" hits="0" missing-branches="870,873" number="869"/>
						<line hits="0" number="870"/>
						<line branch="true" condition-coverage="0% (0/2)" hits="0" missing-branches="874,877" number="873"/>
						<line hits="0" number="874"/>
						<line hits="0" number="877"/>
						<line hits="0" number="879"/>
					</lines>
				</class>
				<class branch-rate="0" complexity="0" filename="mkdocs_gallery/gen_gallery.py" line-rate="0" name="gen_gallery.py">
					<methods/>
					<lines>
						<line hits="0" number="6"/>
						<line hits="0" number="10"/>
						<line hits="0" number="12"/>
						<line hits="0" number="14"/>
						<line hits="0" number="16"/>
						<line hits="0" number="18"/>
						<line hits="0" number="19"/>
						<line hits="0" number="20"/>
						<line hits="0" number="21"/>
						<line hits="0" number="22"/>
						<line hits="0" number="23"/>
						<line hits="0" number="24"/>
						<line hits="0" number="25"/>
						<line hits="0" number="26"/>
						<line hits="0" number="28"/>
						<line hits="0" number="29"/>
						<line hits="0" number="30"/>
						<line hits="0" number="31"/>
						<line hits="0" number="32"/>
						<line hits="0" number="33"/>
						<line hits="0" number="34"/>
						<line hits="0" number="35"/>
						<line hits="0" number="36"/>
						<line hits="0" number="37"/>
						<line hits="0" number="38"/>
						<line hits="0" number="41"/>
						<line branch="true" condition-coverage="0% (0/2)" hits="0" missing-branches="46,53" number="45"/>
						<line hits="0" number="46"/>
						<line hits="0" number="47"/>
						<line hits="0" number="49"/>
						<line hits="0" number="50"/>
						<line hits="0" number="53"/>
						<line hits="0" number="103"/>
						<line hits="0" number="106"/>
						<line branch="true" condition-coverage="0% (0/2)" hits="0" missing-branches="108,112" number="107"/>
						<line hits="0" number="108"/>
						<line hits="0" number="109"/>
						<line hits="0" number="110"/>
						<line hits="0" number="111"/>
						<line hits="0" number="112"/>
						<line hits="0" number="115"/>
						<line hits="0" number="119"/>
						<line branch="true" condition-coverage="0% (0/2)" hits="0" missing-branches="125,131" number="123"/>
						<line branch="true" condition-coverage="0% (0/2)" hits="0" missing-branches="126,129" number="125"/>
						<line hits="0" number="126"/>
						<line hits="0" number="129"/>
						<line branch="true" condition-coverage="0% (0/2)" hits="0" missing-branches="132,134" number="131"/>
						<line hits="0" number="132"/>
						<line hits="0" number="134"/>
						<line hits="0" number="136"/>
						<line hits="0" number="139"/>
						<line branch="true" condition-coverage="0% (0/2)" hits="0" missing-branches="141,143" number="140"/>
						<line hits="0" number="141"/>
						<line hits="0" number="143"/>
						<line hits="0" number="144"/>
						<line hits="0" number="145"/>
						<line hits="0" number="146"/>
						<line hits="0" number="150"/>
						<line hits="0" number="151"/>
						<line hits="0" number="152"/>
						<line hits="0" number="153"/>
						<line hits="0" number="157"/>
						<line hits="0" number="159"/>
						<line hits="0" number="160"/>
						<line hits="0" number="161"/>
						<line branch="true" condition-coverage="0% (0/2)" hits="0" missing-branches="163,173" number="162"/>
						<line hits="0" number="163"/>
						<line branch="true" condition-coverage="0% (0/2)" hits="0" missing-branches="165,172" number="164"/>
						<line hits="0" number="165"/>
						<line hits="0" number="166"/>
						<line branch="true" condition-coverage="0% (0/2)" hits="0" missing-branches="168,169" number="167"/>
						<line hits="0" number="168"/>
						<line branch="true" condition-coverage="0% (0/2)" hits="0" missing-branches="170,171" number="169"/>
						<line hits="0" number="170"/>
						<line hits="0" number="171"/>
						<line hits="0" number="172"/>
						<line hits="0" number="173"/>
						<line branch="true" condition-coverage="0% (0/2)" hits="0" missing-branches="175,183" number="174"/>
						<line hits="0" number="175"/>
						<line hits="0" number="180"/>
						<line hits="0" number="183"/>
						<line branch="true" condition-coverage="0% (0/2)" hits="0" missing-branches="186,188" number="184"/>
						<line hits="0" number="186"/>
						<line hits="0" number="188"/>
						<line branch="true" condition-coverage="0% (0/2)" hits="0" missing-branches="191,195" number="189"/>
						<line hits="0" number="191"/>
						<line branch="true" condition-coverage="0% (0/2)" hits="0" missing-branches="196,201" number="195"/>
						<line hits="0" number="196"/>
						<line hits="0" number="201"/>
						<line hits="0" number="202"/>
						<line branch="true" condition-coverage="0% (0/2)" hits="0" missing-branches="204,209" number="203"/>
						<line branch="true" condition-coverage="0% (0/2)" hits="0" missing-branches="205,212" number="204"/>
						<line branch="true" condition-coverage="0% (0/2)" hits="0" missing-branches="204,206" number="205"/>
						<line hits="0" number="206"/>
						<line hits="0" number="209"/>
						<line branch="true" condition-coverage="0% (0/2)" hits="0" missing-branches="213,217" number="212"/>
						<line hits="0" number="213"/>
						<line hits="0" number="217"/>
						<line branch="true" condition-coverage="0% (0/2)" hits="0" missing-branches="219,239" number="218"/>
						<line branch="true" condition-coverage="0% (0/2)" hits="0" missing-branches="220,238" number="219"/>
						<line hits="0" number="220"/>
						<line hits="0" number="221"/>
						<line hits="0" number="227"/>
						<line hits="0" number="228"/>
						<line hits="0" number="230"/>
						<line hits="0" number="231"/>
						<line hits="0" number="232"/>
						<line hits="0" number="233"/>
						<line hits="0" number="234"/>
						<line hits="0" number="235"/>
						<line hits="0" number="236"/>
						<line hits="0" number="238"/>
						<line branch="true" condition-coverage="0% (0/2)" hits="0" missing-branches="240,243" number="239"/>
						<line hits="0" number="240"/>
						<line hits="0" number="241"/>
						<line hits="0" number="242"/>
						<line hits="0" number="243"/>
						<line hits="0" number="246"/>
						<line branch="true" condition-coverage="0% (0/2)" hits="0" missing-branches="248,249" number="247"/>
						<line hits="0" number="248"/>
						<line hits="0" number="249"/>
						<line branch="true" condition-coverage="0% (0/2)" hits="0" missing-branches="251,266" number="250"/>
						<line branch="true" condition-coverage="0% (0/2)" hits="0" missing-branches="252,264" number="251"/>
						<line branch="true" condition-coverage="0% (0/2)" hits="0" missing-branches="253,255" number="252"/>
						<line hits="0" number="253"/>
						<line hits="0" number="255"/>
						<line hits="0" number="256"/>
						<line hits="0" number="257"/>
						<line hits="0" number="258"/>
						<line hits="0" number="259"/>
						<line hits="0" number="260"/>
						<line hits="0" number="261"/>
						<line hits="0" number="263"/>
						<line branch="true" condition-coverage="0% (0/2)" hits="0" missing-branches="250,265" number="264"/>
						<line hits="0" number="265"/>
						<line hits="0" number="266"/>
						<line hits="0" number="267"/>
						<line hits="0" number="277"/>
						<line hits="0" number="278"/>
						<line hits="0" number="279"/>
						<line hits="0" number="280"/>
						<line hits="0" number="283"/>
						<line branch="true" condition-coverage="0% (0/2)" hits="0" missing-branches="285,286" number="284"/>
						<line hits="0" number="285"/>
						<line branch="true" condition-coverage="0% (0/2)" hits="0" missing-branches="287,289" number="286"/>
						<line hits="0" number="287"/>
						<line hits="0" number="289"/>
						<line hits="0" number="290"/>
						<line hits="0" number="291"/>
						<line branch="true" condition-coverage="0% (0/2)" hits="0" missing-branches="293,300" number="292"/>
						<line branch="true" condition-coverage="0% (0/2)" hits="0" missing-branches="292,294" number="293"/>
						<line branch="true" condition-coverage="0% (0/2)" hits="0" missing-branches="295,297" number="294"/>
						<line hits="0" number="295"/>
						<line hits="0" number="296"/>
						<line hits="0" number="297"/>
						<line branch="true" condition-coverage="0% (0/2)" hits="0" missing-branches="exit,301" number="300"/>
						<line branch="true" condition-coverage="0% (0/2)" hits="0" missing-branches="302,306" number="301"/>
						<line hits="0" number="302"/>
						<line hits="0" number="305"/>
						<line hits="0" number="306"/>
						<line hits="0" number="307"/>
						<line hits="0" number="310"/>
						<line branch="true" condition-coverage="0% (0/2)" hits="0" missing-branches="312,313" number="311"/>
						<line hits="0" number="312"/>
						<line hits="0" number="313"/>
						<line branch="true" condition-coverage="0% (0/2)" hits="0" missing-branches="315,323" number="314"/>
						<line branch="true" condition-coverage="0% (0/2)" hits="0" missing-branches="316,320" number="315"/>
						<line branch="true" condition-coverage="0% (0/2)" hits="0" missing-branches="317,319" number="316"/>
						<line hits="0" number="317"/>
						<line hits="0" number="319"/>
						<line branch="true" condition-coverage="0% (0/2)" hits="0" missing-branches="314,321" number="320"/>
						<line hits="0" number="321"/>
						<line hits="0" number="323"/>
						<line hits="0" number="325"/>
						<line hits="0" number="326"/>
						<line hits="0" number="327"/>
						<line hits="0" number="330"/>
						<line branch="true" condition-coverage="0% (0/2)" hits="0" missing-branches="332,335" number="331"/>
						<line hits="0" number="332"/>
						<line hits="0" number="335"/>
						<line branch="true" condition-coverage="0% (0/2)" hits="0" missing-branches="337,369" number="336"/>
						<line hits="0" number="337"/>
						<line hits="0" number="369"/>
						<line branch="true" condition-coverage="0% (0/2)" hits="0" missing-branches="372,381" number="370"/>
						<line hits="0" number="372"/>
						<line hits="0" number="381"/>
						<line branch="true" condition-coverage="0% (0/2)" hits="0" missing-branches="384,393" number="383"/>
						<line hits="0" number="384"/>
						<line hits="0" number="393"/>
						<line hits="0" number="396"/>
						<line hits="0" number="410"/>
						<line hits="0" number="413"/>
						<line hits="0" number="414"/>
						<line hits="0" number="415"/>
						<line hits="0" number="418"/>
						<line hits="0" number="421"/>
						<line hits="0" number="424"/>
						<line hits="0" number="425"/>
						<line hits="0" number="426"/>
						<line hits="0" number="429"/>
						<line branch="true" condition-coverage="0% (0/2)" hits="0" missing-branches="432,496" number="430"/>
						<line hits="0" number="432"/>
						<line hits="0" number="433"/>
						<line hits="0" number="436"/>
						<line hits="0" number="439"/>
						<line branch="true" condition-coverage="0% (0/2)" hits="0" missing-branches="441,444" number="440"/>
						<line hits="0" number="441"/>
						<line branch="true" condition-coverage="0% (0/2)" hits="0" missing-branches="exit,445" number="444"/>
						<line hits="0" number="445"/>
						<line branch="true" condition-coverage="0% (0/2)" hits="0" missing-branches="448,451" number="446"/>
						<line hits="0" number="448"/>
						<line hits="0" number="451"/>
						<line hits="0" number="452"/>
						<line hits="0" number="455"/>
						<line hits="0" number="456"/>
						<line hits="0" number="458"/>
						<line branch="true" condition-coverage="0% (0/2)" hits="0" missing-branches="463,485" number="461"/>
						<line hits="0" number="463"/>
						<line hits="0" number="464"/>
						<line hits="0" number="467"/>
						<line branch="true" condition-coverage="0% (0/2)" hits="0" missing-branches="471,474" number="470"/>
						<line hits="0" number="471"/>
						<line branch="true" condition-coverage="0% (0/2)" hits="0" missing-branches="exit,475" number="474"/>
						<line hits="0" number="475"/>
						<line hits="0" number="477"/>
						<line hits="0" number="479"/>
						<line hits="0" number="482"/>
						<line branch="true" condition-coverage="0% (0/2)" hits="0" missing-branches="486,490" number="485"/>
						<line hits="0" number="486"/>
						<line hits="0" number="487"/>
						<line branch="true" condition-coverage="0% (0/2)" hits="0" missing-branches="491,494" number="490"/>
						<line hits="0" number="491"/>
						<line hits="0" number="494"/>
						<line hits="0" number="496"/>
						<line branch="true" condition-coverage="0% (0/2)" hits="0" missing-branches="499,516" number="498"/>
						<line hits="0" number="499"/>
						<line hits="0" number="500"/>
						<line branch="true" condition-coverage="0% (0/2)" hits="0" missing-branches="502,513" number="501"/>
						<line hits="0" number="502"/>
						<line branch="true" condition-coverage="0% (0/2)" hits="0" missing-branches="504,507" number="503"/>
						<line hits="0" number="504"/>
						<line hits="0" number="505"/>
						<line hits="0" number="507"/>
						<line branch="true" condition-coverage="0% (0/2)" hits="0" missing-branches="501,509" number="508"/>
						<line hits="0" number="509"/>
						<line hits="0" number="510"/>
						<line branch="true" condition-coverage="0% (0/2)" hits="0" missing-branches="514,516" number="513"/>
						<line hits="0" number="514"/>
						<line hits="0" number="516"/>
						<line hits="0" number="519"/>
						<line branch="true" condition-coverage="0% (0/2)" hits="0" missing-branches="exit,exit" number="521"/>
						<line hits="0" number="524"/>
						<line hits="0" number="535"/>
						<line branch="true" condition-coverage="0% (0/2)" hits="0" missing-branches="exit,540" number="538"/>
						<line hits="0" number="540"/>
						<line branch="true" condition-coverage="0% (0/2)" hits="0" missing-branches="547,550" number="546"/>
						<line hits="0" number="547"/>
						<line branch="true" condition-coverage="0% (0/2)" hits="0" missing-branches="551,554" number="550"/>
						<line hits="0" number="551"/>
						<line hits="0" number="552"/>
						<line branch="true" condition-coverage="0% (0/2)" hits="0" missing-branches="555,557" number="554"/>
						<line hits="0" number="555"/>
						<line hits="0" number="557"/>
						<line hits="0" number="560"/>
						<line hits="0" number="562"/>
						<line hits="0" number="563"/>
						<line hits="0" number="564"/>
						<line hits="0" number="566"/>
						<line hits="0" number="569"/>
						<line hits="0" number="571"/>
						<line hits="0" number="572"/>
						<line branch="true" condition-coverage="0% (0/2)" hits="0" missing-branches="574,575" number="573"/>
						<line hits="0" number="574"/>
						<line branch="true" condition-coverage="0% (0/2)" hits="0" missing-branches="577,580" number="575"/>
						<line hits="0" number="577"/>
						<line hits="0" number="580"/>
						<line hits="0" number="582"/>
						<line branch="true" condition-coverage="0% (0/2)" hits="0" missing-branches="585,587" number="583"/>
						<line hits="0" number="585"/>
						<line branch="true" condition-coverage="0% (0/2)" hits="0" missing-branches="589,591" number="587"/>
						<line branch="true" condition-coverage="0% (0/2)" hits="0" missing-branches="exit,exit" number="589"/>
						<line branch="true" condition-coverage="0% (0/2)" hits="0" missing-branches="593,610" number="591"/>
						<line hits="0" number="593"/>
						<line hits="0" number="594"/>
						<line branch="true" condition-coverage="0% (0/2)" hits="0" missing-branches="599,607" number="597"/>
						<line hits="0" number="599"/>
						<line branch="true" condition-coverage="0% (0/2)" hits="0" missing-branches="601,604" number="600"/>
						<line hits="0" number="601"/>
						<line hits="0" number="604"/>
						<line hits="0" number="607"/>
						<line hits="0" number="610"/>
						<line hits="0" number="613"/>
						<line hits="0" number="614"/>
						<line hits="0" number="617"/>
						<line hits="0" number="623"/>
						<line hits="0" number="624"/>
						<line hits="0" number="627"/>
						<line hits="0" number="630"/>
						<line hits="0" number="632"/>
						<line hits="0" number="635"/>
						<line hits="0" number="637"/>
						<line branch="true" condition-coverage="0% (0/2)" hits="0" missing-branches="639,654" number="638"/>
						<line branch="true" condition-coverage="0% (0/2)" hits="0" missing-branches="640,644" number="639"/>
						<line hits="0" number="640"/>
						<line hits="0" number="642"/>
						<line hits="0" number="644"/>
						<line hits="0" number="645"/>
						<line hits="0" number="646"/>
						<line hits="0" number="649"/>
						<line hits="0" number="652"/>
						<line branch="true" condition-coverage="0% (0/2)" hits="0" missing-branches="exit,655" number="654"/>
						<line hits="0" number="655"/>
						<line hits="0" number="658"/>
						<line branch="true" condition-coverage="0% (0/2)" hits="0" missing-branches="exit,662" number="661"/>
						<line branch="true" condition-coverage="0% (0/2)" hits="0" missing-branches="663,665" number="662"/>
						<line hits="0" number="663"/>
						<line hits="0" number="665"/>
						<line hits="0" number="666"/>
						<line hits="0" number="668"/>
						<line hits="0" number="670"/>
						<line hits="0" number="679"/>
						<line branch="true" condition-coverage="0% (0/2)" hits="0" missing-branches="exit,684" number="683"/>
						<line hits="0" number="684"/>
						<line branch="true" condition-coverage="0% (0/2)" hits="0" missing-branches="exit,688" number="687"/>
						<line branch="true" condition-coverage="0% (0/2)" hits="0" missing-branches="exit,689" number="688"/>
						<line branch="true" condition-coverage="0% (0/2)" hits="0" missing-branches="exit,690" number="689"/>
						<line hits="0" number="690"/>
						<line hits="0" number="691"/>
						<line hits="0" number="692"/>
						<line hits="0" number="693"/>
						<line hits="0" number="696"/>
						<line hits="0" number="708"/>
						<line hits="0" number="709"/>
						<line hits="0" number="711"/>
						<line hits="0" number="712"/>
						<line hits="0" number="713"/>
						<line hits="0" number="714"/>
						<line hits="0" number="715"/>
						<line hits="0" number="716"/>
						<line hits="0" number="717"/>
						<line branch="true" condition-coverage="0% (0/2)" hits="0" missing-branches="719,750" number="718"/>
						<line hits="0" number="719"/>
						<line hits="0" number="720"/>
						<line branch="true" condition-coverage="0% (0/3)" hits="0" missing-branches="exit,725,726" number="721"/>
						<line hits="0" number="725"/>
						<line hits="0" number="726"/>
						<line hits="0" number="728"/>
						<line hits="0" number="729"/>
						<line hits="0" number="730"/>
						<line hits="0" number="732"/>
						<line branch="true" condition-coverage="0% (0/2)" hits="0" missing-branches="734,736" number="733"/>
						<line hits="0" number="734"/>
						<line hits="0" number="735"/>
						<line branch="true" condition-coverage="0% (0/2)" hits="0" missing-branches="737,745" number="736"/>
						<line branch="true" condition-coverage="0% (0/2)" hits="0" missing-branches="738,740" number="737"/>
						<line hits="0" number="738"/>
						<line hits="0" number="740"/>
						<line hits="0" number="741"/>
						<line hits="0" number="742"/>
						<line hits="0" number="743"/>
						<line hits="0" number="744"/>
						<line hits="0" number="745"/>
						<line hits="0" number="746"/>
						<line hits="0" number="747"/>
						<line hits="0" number="750"/>
						<line hits="0" number="757"/>
						<line hits="0" number="758"/>
						<line branch="true" condition-coverage="0% (0/2)" hits="0" missing-branches="761,763" number="760"/>
						<line hits="0" number="761"/>
						<line hits="0" number="763"/>
						<line hits="0" number="764"/>
						<line hits="0" number="767"/>
						<line hits="0" number="774"/>
						<line hits="0" number="788"/>
						<line branch="true" condition-coverage="0% (0/2)" hits="0" missing-branches="exit,exit" number="790"/>
						<line hits="0" number="794"/>
						<line hits="0" number="796"/>
						<line hits="0" number="797"/>
						<line hits="0" number="799"/>
						<line hits="0" number="800"/>
						<line hits="0" number="801"/>
						<line branch="true" condition-coverage="0% (0/2)" hits="0" missing-branches="exit,808" number="804"/>
						<line hits="0" number="808"/>
						<line hits="0" number="811"/>
						<line branch="true" condition-coverage="0% (0/2)" hits="0" missing-branches="821,825" number="820"/>
						<line hits="0" number="821"/>
						<line hits="0" number="823"/>
						<line hits="0" number="825"/>
						<line branch="true" condition-coverage="0% (0/2)" hits="0" missing-branches="829,834" number="828"/>
						<line hits="0" number="829"/>
						<line branch="true" condition-coverage="0% (0/2)" hits="0" missing-branches="831,834" number="830"/>
						<line hits="0" number="831"/>
						<line hits="0" number="832"/>
						<line hits="0" number="834"/>
						<line branch="true" condition-coverage="0% (0/2)" hits="0" missing-branches="836,841" number="835"/>
						<line hits="0" number="836"/>
						<line branch="true" condition-coverage="0% (0/2)" hits="0" missing-branches="838,841" number="837"/>
						<line hits="0" number="838"/>
						<line branch="true" condition-coverage="0% (0/2)" hits="0" missing-branches="842,848" number="841"/>
						<line hits="0" number="842"/>
						<line hits="0" number="848"/>
						<line hits="0" number="849"/>
						<line hits="0" number="850"/>
						<line hits="0" number="851"/>
						<line branch="true" condition-coverage="0% (0/2)" hits="0" missing-branches="exit,864" number="863"/>
						<line hits="0" number="864"/>
						<line branch="true" condition-coverage="0% (0/2)" hits="0" missing-branches="868,870" number="867"/>
						<line hits="0" number="868"/>
						<line hits="0" number="870"/>
						<line hits="0" number="873"/>
						<line hits="0" number="876"/>
						<line hits="0" number="877"/>
						<line branch="true" condition-coverage="0% (0/2)" hits="0" missing-branches="881,886" number="879"/>
						<line branch="true" condition-coverage="0% (0/2)" hits="0" missing-branches="882,884" number="881"/>
						<line hits="0" number="882"/>
						<line hits="0" number="884"/>
						<line branch="true" condition-coverage="0% (0/2)" hits="0" missing-branches="exit,887" number="886"/>
						<line hits="0" number="887"/>
						<line hits="0" number="893"/>
						<line hits="0" number="895"/>
						<line branch="true" condition-coverage="0% (0/2)" hits="0" missing-branches="exit,897" number="896"/>
						<line branch="true" condition-coverage="0% (0/2)" hits="0" missing-branches="exit,898" number="897"/>
						<line hits="0" number="898"/>
						<line hits="0" number="904"/>
						<line hits="0" number="905"/>
						<line hits="0" number="906"/>
						<line hits="0" number="907"/>
					</lines>
				</class>
				<class branch-rate="0.02469" complexity="0" filename="mkdocs_gallery/gen_single.py" line-rate="0.1714" name="gen_single.py">
					<methods/>
					<lines>
						<line hits="1" number="6"/>
						<line hits="1" number="10"/>
						<line hits="1" number="12"/>
						<line hits="1" number="14"/>
						<line hits="1" number="16"/>
						<line hits="1" number="17"/>
						<line hits="1" number="18"/>
						<line hits="1" number="19"/>
						<line hits="1" number="20"/>
						<line hits="1" number="21"/>
						<line hits="1" number="22"/>
						<line hits="1" number="23"/>
						<line hits="1" number="24"/>
						<line hits="1" number="25"/>
						<line hits="1" number="26"/>
						<line hits="1" number="27"/>
						<line hits="1" number="28"/>
						<line hits="1" number="29"/>
						<line hits="1" number="30"/>
						<line hits="1" number="31"/>
						<line hits="1" number="32"/>
						<line hits="1" number="33"/>
						<line hits="1" number="35"/>
						<line hits="1" number="37"/>
						<line hits="1" number="38"/>
						<line hits="1" number="40"/>
						<line hits="1" number="41"/>
						<line hits="1" number="44"/>
						<line hits="1" number="45"/>
						<line hits="1" number="47"/>
						<line hits="1" number="50"/>
						<line hits="1" number="51"/>
						<line hits="1" number="53"/>
						<line branch="true" condition-coverage="100% (2/2)" hits="1" number="59"/>
						<line hits="1" number="62"/>
						<line hits="0" number="63"/>
						<line hits="0" number="64"/>
						<line hits="0" number="65"/>
						<line hits="0" number="66"/>
						<line hits="1" number="68"/>
						<line branch="true" condition-coverage="0% (0/2)" hits="0" missing-branches="70,71" number="69"/>
						<line hits="0" number="70"/>
						<line hits="0" number="71"/>
						<line hits="0" number="72"/>
						<line hits="0" number="73"/>
						<line hits="0" number="74"/>
						<line hits="1" number="76"/>
						<line hits="0" number="77"/>
						<line hits="0" number="78"/>
						<line hits="0" number="79"/>
						<line hits="1" number="81"/>
						<line hits="0" number="82"/>
						<line branch="true" condition-coverage="0% (0/2)" hits="0" missing-branches="85,88" number="84"/>
						<line hits="0" number="85"/>
						<line hits="0" number="86"/>
						<line hits="0" number="88"/>
						<line hits="0" number="89"/>
						<line branch="true" condition-coverage="0% (0/2)" hits="0" missing-branches="93,96" number="90"/>
						<line hits="0" number="93"/>
						<line hits="0" number="94"/>
						<line hits="0" number="96"/>
						<line branch="true" condition-coverage="0% (0/2)" hits="0" missing-branches="exit,99" number="98"/>
						<line hits="0" number="99"/>
						<line hits="1" number="101"/>
						<line hits="0" number="102"/>
						<line branch="true" condition-coverage="0% (0/2)" hits="0" missing-branches="exit,104" number="103"/>
						<line hits="0" number="104"/>
						<line hits="0" number="105"/>
						<line hits="1" number="108"/>
						<line hits="0" number="109"/>
						<line hits="1" number="112"/>
						<line hits="0" number="113"/>
						<line hits="1" number="115"/>
						<line hits="0" number="116"/>
						<line hits="1" number="123"/>
						<line hits="1" number="128"/>
						<line hits="1" number="135"/>
						<line hits="1" number="141"/>
						<line hits="1" number="149"/>
						<line hits="1" number="154"/>
						<line hits="1" number="159"/>
						<line hits="1" number="165"/>
						<line hits="0" number="177"/>
						<line branch="true" condition-coverage="0% (0/2)" hits="0" missing-branches="181,183" number="178"/>
						<line hits="0" number="181"/>
						<line hits="0" number="183"/>
						<line hits="1" number="186"/>
						<line hits="0" number="187"/>
						<line hits="0" number="188"/>
						<line hits="1" number="191"/>
						<line hits="0" number="197"/>
						<line hits="0" number="198"/>
						<line hits="0" number="200"/>
						<line hits="0" number="202"/>
						<line hits="0" number="205"/>
						<line hits="0" number="206"/>
						<line hits="0" number="208"/>
						<line hits="0" number="209"/>
						<line hits="1" number="215"/>
						<line hits="1" number="217"/>
						<line hits="1" number="218"/>
						<line hits="1" number="219"/>
						<line hits="1" number="222"/>
						<line hits="0" number="238"/>
						<line branch="true" condition-coverage="0% (0/2)" hits="0" missing-branches="240,242" number="239"/>
						<line hits="0" number="240"/>
						<line hits="0" number="242"/>
						<line hits="0" number="243"/>
						<line hits="1" number="246"/>
						<line hits="0" number="262"/>
						<line hits="0" number="265"/>
						<line branch="true" condition-coverage="0% (0/2)" hits="0" missing-branches="267,287" number="266"/>
						<line hits="0" number="267"/>
						<line branch="true" condition-coverage="0% (0/2)" hits="0" missing-branches="269,284" number="268"/>
						<line branch="true" condition-coverage="0% (0/2)" hits="0" missing-branches="270,274" number="269"/>
						<line hits="0" number="270"/>
						<line hits="0" number="271"/>
						<line hits="0" number="274"/>
						<line branch="true" condition-coverage="0% (0/2)" hits="0" missing-branches="276,280" number="275"/>
						<line hits="0" number="276"/>
						<line hits="0" number="277"/>
						<line hits="0" number="280"/>
						<line branch="true" condition-coverage="0% (0/2)" hits="0" missing-branches="268,282" number="281"/>
						<line hits="0" number="282"/>
						<line branch="true" condition-coverage="0% (0/2)" hits="0" missing-branches="266,285" number="284"/>
						<line hits="0" number="285"/>
						<line hits="0" number="287"/>
						<line hits="1" number="290"/>
						<line hits="0" number="292"/>
						<line branch="true" condition-coverage="0% (0/2)" hits="0" missing-branches="exit,297" number="295"/>
						<line hits="0" number="297"/>
						<line hits="1" number="300"/>
						<line hits="0" number="322"/>
						<line branch="true" condition-coverage="0% (0/2)" hits="0" missing-branches="324,331" number="323"/>
						<line hits="0" number="324"/>
						<line hits="0" number="331"/>
						<line hits="0" number="332"/>
						<line branch="true" condition-coverage="0% (0/2)" hits="0" missing-branches="334,336" number="333"/>
						<line hits="0" number="334"/>
						<line hits="0" number="336"/>
						<line hits="0" number="339"/>
						<line hits="0" number="342"/>
						<line hits="0" number="343"/>
						<line branch="true" condition-coverage="0% (0/2)" hits="0" missing-branches="347,349" number="346"/>
						<line hits="0" number="347"/>
						<line hits="0" number="349"/>
						<line hits="1" number="352"/>
						<line hits="0" number="369"/>
						<line hits="0" number="371"/>
						<line hits="0" number="372"/>
						<line hits="0" number="374"/>
						<line hits="0" number="376"/>
						<line hits="0" number="378"/>
						<line hits="0" number="379"/>
						<line hits="0" number="381"/>
						<line branch="true" condition-coverage="0% (0/2)" hits="0" missing-branches="383,385" number="382"/>
						<line hits="0" number="383"/>
						<line hits="0" number="385"/>
						<line hits="0" number="389"/>
						<line hits="0" number="392"/>
						<line branch="true" condition-coverage="0% (0/2)" hits="0" missing-branches="395,398" number="393"/>
						<line hits="0" number="395"/>
						<line hits="0" number="398"/>
						<line hits="0" number="399"/>
						<line branch="true" condition-coverage="0% (0/2)" hits="0" missing-branches="401,403" number="400"/>
						<line hits="0" number="401"/>
						<line hits="0" number="403"/>
						<line hits="1" number="406"/>
						<line hits="0" number="433"/>
						<line hits="0" number="434"/>
						<line branch="true" condition-coverage="0% (0/2)" hits="0" missing-branches="437,440" number="435"/>
						<line hits="0" number="437"/>
						<line hits="0" number="440"/>
						<line hits="0" number="443"/>
						<line hits="0" number="445"/>
						<line hits="0" number="446"/>
						<line branch="true" condition-coverage="0% (0/2)" hits="0" missing-branches="450,458" number="448"/>
						<line hits="0" number="450"/>
						<line hits="0" number="451"/>
						<line hits="0" number="454"/>
						<line hits="0" number="455"/>
						<line hits="0" number="458"/>
						<line hits="0" number="469"/>
						<line hits="1" number="472"/>
						<line hits="0" number="473"/>
						<line hits="1" number="476"/>
						<line hits="0" number="478"/>
						<line hits="0" number="480"/>
						<line hits="0" number="481"/>
						<line hits="0" number="498"/>
						<line hits="0" number="499"/>
						<line hits="0" number="500"/>
						<line branch="true" condition-coverage="0% (0/2)" hits="0" missing-branches="503,515" number="501"/>
						<line branch="true" condition-coverage="0% (0/2)" hits="0" missing-branches="504,505" number="503"/>
						<line hits="0" number="504"/>
						<line branch="true" condition-coverage="0% (0/2)" hits="0" missing-branches="501,507" number="505"/>
						<line branch="true" condition-coverage="0% (0/2)" hits="0" missing-branches="508,510" number="507"/>
						<line hits="0" number="508"/>
						<line branch="true" condition-coverage="0% (0/2)" hits="0" missing-branches="511,513" number="510"/>
						<line hits="0" number="511"/>
						<line branch="true" condition-coverage="0% (0/2)" hits="0" missing-branches="501,514" number="513"/>
						<line hits="0" number="514"/>
						<line hits="0" number="515"/>
						<line hits="0" number="517"/>
						<line hits="0" number="521"/>
						<line hits="0" number="522"/>
						<line branch="true" condition-coverage="0% (0/2)" hits="0" missing-branches="527,530" number="525"/>
						<line hits="0" number="527"/>
						<line hits="0" number="530"/>
						<line hits="0" number="531"/>
						<line hits="0" number="533"/>
						<line hits="0" number="537"/>
						<line hits="1" number="541"/>
						<line branch="true" condition-coverage="0% (0/2)" hits="0" missing-branches="543,548" number="542"/>
						<line hits="0" number="543"/>
						<line branch="true" condition-coverage="0% (0/2)" hits="0" missing-branches="547,548" number="544"/>
						<line hits="0" number="547"/>
						<line hits="0" number="548"/>
						<line hits="0" number="549"/>
						<line hits="0" number="550"/>
						<line hits="0" number="551"/>
						<line hits="0" number="553"/>
						<line hits="1" number="556"/>
						<line hits="0" number="561"/>
						<line hits="0" number="562"/>
						<line hits="0" number="563"/>
						<line hits="0" number="564"/>
						<line hits="0" number="566"/>
						<line branch="true" condition-coverage="100% (2/2)" hits="1" number="569"/>
						<line hits="1" number="572"/>
						<line hits="0" number="573"/>
						<line hits="0" number="574"/>
						<line hits="0" number="575"/>
						<line hits="1" number="577"/>
						<line branch="true" condition-coverage="0% (0/2)" hits="0" missing-branches="exit,579" number="578"/>
						<line hits="0" number="579"/>
						<line hits="0" number="580"/>
						<line hits="0" number="581"/>
						<line hits="0" number="582"/>
						<line hits="0" number="583"/>
						<line hits="0" number="584"/>
						<line branch="true" condition-coverage="0% (0/2)" hits="0" missing-branches="exit,587" number="586"/>
						<line hits="0" number="587"/>
						<line hits="1" number="590"/>
						<line branch="true" condition-coverage="0% (0/2)" hits="0" missing-branches="593,595" number="592"/>
						<line hits="0" number="593"/>
						<line hits="0" number="595"/>
						<line branch="true" condition-coverage="0% (0/2)" hits="0" missing-branches="597,599" number="596"/>
						<line hits="0" number="597"/>
						<line hits="0" number="599"/>
						<line hits="0" number="600"/>
						<line hits="0" number="604"/>
						<line hits="0" number="605"/>
						<line hits="0" number="606"/>
						<line branch="true" condition-coverage="0% (0/2)" hits="0" missing-branches="exit,609" number="608"/>
						<line hits="0" number="609"/>
						<line hits="0" number="610"/>
						<line hits="1" number="613"/>
						<line branch="true" condition-coverage="0% (0/2)" hits="0" missing-branches="617,619" number="616"/>
						<line hits="0" number="617"/>
						<line hits="0" number="619"/>
						<line hits="0" number="620"/>
						<line hits="1" number="623"/>
						<line branch="true" condition-coverage="0% (0/2)" hits="0" missing-branches="627,629" number="626"/>
						<line hits="0" number="627"/>
						<line hits="0" number="629"/>
						<line hits="0" number="630"/>
						<line hits="0" number="631"/>
						<line hits="1" number="634"/>
						<line hits="0" number="637"/>
						<line hits="0" number="640"/>
						<line branch="true" condition-coverage="0% (0/2)" hits="0" missing-branches="643,660" number="642"/>
						<line hits="0" number="643"/>
						<line hits="0" number="644"/>
						<line hits="0" number="646"/>
						<line hits="0" number="651"/>
						<line hits="0" number="652"/>
						<line hits="0" number="653"/>
						<line hits="0" number="654"/>
						<line hits="0" number="658"/>
						<line hits="0" number="660"/>
						<line hits="0" number="665"/>
						<line hits="1" number="668"/>
						<line branch="true" condition-coverage="0% (0/2)" hits="0" missing-branches="672,685" number="671"/>
						<line hits="0" number="672"/>
						<line hits="0" number="673"/>
						<line branch="true" condition-coverage="0% (0/2)" hits="0" missing-branches="676,678" number="675"/>
						<line hits="0" number="676"/>
						<line hits="0" number="678"/>
						<line hits="0" number="679"/>
						<line hits="0" number="680"/>
						<line hits="0" number="681"/>
						<line branch="true" condition-coverage="0% (0/2)" hits="0" missing-branches="671,684" number="683"/>
						<line hits="0" number="684"/>
						<line hits="0" number="685"/>
						<line hits="1" number="688"/>
						<line hits="0" number="691"/>
						<line hits="0" number="692"/>
						<line hits="0" number="694"/>
						<line hits="0" number="695"/>
						<line branch="true" condition-coverage="0% (0/2)" hits="0" missing-branches="698,705" number="696"/>
						<line hits="0" number="698"/>
						<line hits="0" number="699"/>
						<line branch="true" condition-coverage="0% (0/2)" hits="0" missing-branches="701,702" number="700"/>
						<line hits="0" number="701"/>
						<line branch="true" condition-coverage="0% (0/2)" hits="0" missing-branches="703,705" number="702"/>
						<line hits="0" number="703"/>
						<line hits="0" number="705"/>
						<line branch="true" condition-coverage="0% (0/2)" hits="0" missing-branches="709,711" number="708"/>
						<line hits="0" number="709"/>
						<line branch="true" condition-coverage="0% (0/2)" hits="0" missing-branches="712,714" number="711"/>
						<line hits="0" number="712"/>
						<line hits="0" number="714"/>
						<line branch="true" condition-coverage="0% (0/2)" hits="0" missing-branches="718,720" number="717"/>
						<line hits="0" number="718"/>
						<line hits="0" number="720"/>
						<line hits="0" number="722"/>
						<line hits="0" number="730"/>
						<line hits="1" number="733"/>
						<line hits="0" number="735"/>
						<line hits="0" number="736"/>
						<line hits="1" number="739"/>
						<line hits="0" number="762"/>
						<line branch="true" condition-coverage="0% (0/2)" hits="0" missing-branches="766,768" number="765"/>
						<line hits="0" number="766"/>
						<line hits="0" number="768"/>
						<line hits="0" number="770"/>
						<line hits="0" number="771"/>
						<line hits="0" number="772"/>
						<line hits="0" number="776"/>
						<line hits="0" number="778"/>
						<line hits="0" number="779"/>
						<line hits="0" number="782"/>
						<line hits="0" number="783"/>
						<line hits="0" number="785"/>
						<line hits="0" number="786"/>
						<line hits="0" number="787"/>
						<line hits="0" number="788"/>
						<line hits="0" number="789"/>
						<line hits="0" number="790"/>
						<line hits="0" number="792"/>
						<line hits="0" number="793"/>
						<line hits="0" number="796"/>
						<line branch="true" condition-coverage="0% (0/2)" hits="0" missing-branches="798,801" number="797"/>
						<line hits="0" number="798"/>
						<line hits="0" number="799"/>
						<line hits="0" number="801"/>
						<line hits="0" number="803"/>
						<line hits="0" number="804"/>
						<line hits="0" number="805"/>
						<line branch="true" condition-coverage="0% (0/2)" hits="0" missing-branches="809,812" number="808"/>
						<line hits="0" number="809"/>
						<line hits="0" number="812"/>
						<line hits="0" number="815"/>
						<line hits="0" number="817"/>
						<line branch="true" condition-coverage="0% (0/2)" hits="0" missing-branches="821,827" number="820"/>
						<line hits="0" number="821"/>
						<line hits="0" number="823"/>
						<line hits="0" number="825"/>
						<line hits="0" number="827"/>
						<line branch="true" condition-coverage="0% (0/2)" hits="0" missing-branches="exit,831" number="828"/>
						<line hits="0" number="831"/>
						<line hits="0" number="832"/>
						<line hits="0" number="834"/>
						<line hits="1" number="837"/>
						<line hits="0" number="838"/>
						<line hits="1" number="842"/>
						<line hits="0" number="869"/>
						<line hits="0" number="870"/>
						<line hits="0" number="872"/>
						<line hits="0" number="873"/>
						<line hits="0" number="885"/>
						<line hits="0" number="891"/>
						<line hits="0" number="894"/>
						<line hits="0" number="897"/>
						<line hits="0" number="900"/>
						<line branch="true" condition-coverage="0% (0/2)" hits="0" missing-branches="exit,904" number="903"/>
						<line hits="0" number="904"/>
						<line hits="0" number="906"/>
						<line hits="0" number="907"/>
						<line hits="0" number="910"/>
						<line hits="0" number="911"/>
						<line branch="true" condition-coverage="0% (0/2)" hits="0" missing-branches="913,917" number="912"/>
						<line hits="0" number="913"/>
						<line hits="0" number="914"/>
						<line hits="0" number="917"/>
						<line hits="0" number="920"/>
						<line hits="0" number="923"/>
						<line hits="0" number="926"/>
						<line hits="0" number="928"/>
						<line hits="0" number="929"/>
						<line hits="0" number="931"/>
						<line hits="1" number="934"/>
						<line hits="0" number="950"/>
						<line hits="0" number="953"/>
						<line hits="0" number="956"/>
						<line hits="0" number="960"/>
						<line branch="true" condition-coverage="0% (0/2)" hits="0" missing-branches="965,981" number="963"/>
						<line hits="0" number="965"/>
						<line branch="true" condition-coverage="0% (0/2)" hits="0" missing-branches="969,976" number="968"/>
						<line branch="true" condition-coverage="0% (0/2)" hits="0" missing-branches="971,974" number="969"/>
						<line hits="0" number="971"/>
						<line hits="0" number="974"/>
						<line branch="true" condition-coverage="0% (0/2)" hits="0" missing-branches="978,981" number="976"/>
						<line hits="0" number="978"/>
						<line branch="true" condition-coverage="0% (0/2)" hits="0" missing-branches="982,985" number="981"/>
						<line hits="0" number="982"/>
						<line hits="0" number="985"/>
						<line branch="true" condition-coverage="0% (0/2)" hits="0" missing-branches="989,992" number="987"/>
						<line hits="0" number="989"/>
						<line hits="0" number="990"/>
						<line hits="0" number="992"/>
						<line hits="0" number="993"/>
						<line hits="0" number="994"/>
						<line hits="0" number="999"/>
						<line branch="true" condition-coverage="0% (0/2)" hits="0" missing-branches="1001,1008" number="1000"/>
						<line branch="true" condition-coverage="0% (0/2)" hits="0" missing-branches="1002,1004" number="1001"/>
						<line hits="0" number="1002"/>
						<line hits="0" number="1004"/>
						<line hits="0" number="1005"/>
						<line branch="true" condition-coverage="0% (0/2)" hits="0" missing-branches="1009,1015" number="1008"/>
						<line branch="true" condition-coverage="0% (0/2)" hits="0" missing-branches="exit,1015" number="1009"/>
						<line branch="true" condition-coverage="0% (0/2)" hits="0" missing-branches="1016,1020" number="1015"/>
						<line hits="0" number="1016"/>
						<line hits="0" number="1017"/>
						<line hits="0" number="1020"/>
						<line hits="0" number="1023"/>
						<line hits="0" number="1024"/>
						<line hits="0" number="1025"/>
						<line branch="true" condition-coverage="0% (0/2)" hits="0" missing-branches="1030,1033" number="1028"/>
						<line hits="0" number="1030"/>
						<line hits="0" number="1033"/>
						<line hits="0" number="1035"/>
						<line hits="0" number="1038"/>
						<line hits="0" number="1039"/>
						<line hits="0" number="1040"/>
						<line hits="0" number="1041"/>
						<line branch="true" condition-coverage="0% (0/2)" hits="0" missing-branches="1045,1047" number="1044"/>
						<line hits="0" number="1045"/>
						<line hits="0" number="1047"/>
						<line hits="0" number="1050"/>
						<line branch="true" condition-coverage="0% (0/2)" hits="0" missing-branches="1053,1058" number="1051"/>
						<line hits="0" number="1053"/>
						<line hits="0" number="1054"/>
						<line hits="0" number="1055"/>
						<line hits="0" number="1056"/>
						<line branch="true" condition-coverage="0% (0/2)" hits="0" missing-branches="exit,1064" number="1058"/>
						<line hits="0" number="1064"/>
						<line branch="true" condition-coverage="0% (0/2)" hits="0" missing-branches="1068,1070" number="1067"/>
[...]
						<line hits="1" number="25"/>
						<line hits="1" number="26"/>
						<line hits="1" number="28"/>
						<line hits="1" number="30"/>
						<line hits="1" number="31"/>
						<line hits="1" number="33"/>
						<line hits="1" number="39"/>
						<line hits="0" number="43"/>
						<line hits="0" number="44"/>
						<line hits="0" number="45"/>
						<line hits="0" number="47"/>
						<line branch="true" condition-coverage="0% (0/2)" hits="0" missing-branches="52,63" number="51"/>
						<line hits="0" number="52"/>
						<line hits="0" number="63"/>
						<line hits="0" number="64"/>
						<line hits="1" number="67"/>
						<line hits="0" number="68"/>
						<line hits="0" number="70"/>
						<line branch="true" condition-coverage="0% (0/2)" hits="0" missing-branches="72,74" number="71"/>
						<line hits="0" number="72"/>
						<line hits="0" number="74"/>
						<line branch="true" condition-coverage="0% (0/2)" hits="0" missing-branches="76,80" number="75"/>
						<line branch="true" condition-coverage="0% (0/2)" hits="0" missing-branches="75,77" number="76"/>
						<line hits="0" number="77"/>
						<line branch="true" condition-coverage="0% (0/2)" hits="0" missing-branches="76,79" number="78"/>
						<line hits="0" number="79"/>
						<line hits="0" number="80"/>
						<line hits="0" number="81"/>
						<line hits="1" number="84"/>
						<line hits="1" number="91"/>
						<line hits="0" number="115"/>
						<line hits="0" number="117"/>
						<line hits="0" number="118"/>
						<line hits="0" number="120"/>
						<line hits="0" number="123"/>
						<line hits="0" number="124"/>
						<line branch="true" condition-coverage="0% (0/2)" hits="0" missing-branches="126,138" number="125"/>
						<line branch="true" condition-coverage="0% (0/2)" hits="0" missing-branches="128,129" number="126"/>
						<line hits="0" number="128"/>
						<line branch="true" condition-coverage="0% (0/2)" hits="0" missing-branches="130,132" number="129"/>
						<line hits="0" number="130"/>
						<line hits="0" number="132"/>
						<line hits="0" number="138"/>
						<line branch="true" condition-coverage="0% (0/2)" hits="0" missing-branches="140,145" number="139"/>
						<line branch="true" condition-coverage="0% (0/2)" hits="0" missing-branches="141,145" number="140"/>
						<line branch="true" condition-coverage="0% (0/2)" hits="0" missing-branches="140,142" number="141"/>
						<line hits="0" number="142"/>
						<line branch="true" condition-coverage="0% (0/2)" hits="0" missing-branches="146,208" number="145"/>
						<line hits="0" number="146"/>
						<line branch="true" condition-coverage="0% (0/2)" hits="0" missing-branches="148,151" number="147"/>
						<line hits="0" number="148"/>
						<line hits="0" number="151"/>
						<line hits="0" number="154"/>
						<line branch="true" condition-coverage="0% (0/2)" hits="0" missing-branches="156,160" number="155"/>
						<line branch="true" condition-coverage="0% (0/2)" hits="0" missing-branches="155,157" number="156"/>
						<line hits="0" number="157"/>
						<line hits="0" number="158"/>
						<line hits="0" number="159"/>
						<line branch="true" condition-coverage="0% (0/2)" hits="0" missing-branches="161,164" number="160"/>
						<line hits="0" number="161"/>
						<line hits="0" number="164"/>
						<line hits="0" number="165"/>
						<line hits="0" number="169"/>
						<line branch="true" condition-coverage="0% (0/2)" hits="0" missing-branches="171,178" number="170"/>
						<line hits="0" number="171"/>
						<line hits="0" number="172"/>
						<line branch="true" condition-coverage="0% (0/2)" hits="0" missing-branches="170,175" number="173"/>
						<line hits="0" number="175"/>
						<line hits="0" number="178"/>
						<line hits="0" number="179"/>
						<line hits="0" number="180"/>
						<line branch="true" condition-coverage="0% (0/2)" hits="0" missing-branches="182,183" number="181"/>
						<line hits="0" number="182"/>
						<line hits="0" number="183"/>
						<line hits="0" number="184"/>
						<line branch="true" condition-coverage="0% (0/2)" hits="0" missing-branches="188,196" number="187"/>
						<line branch="true" condition-coverage="0% (0/2)" hits="0" missing-branches="187,189" number="188"/>
						<line hits="0" number="189"/>
						<line hits="0" number="190"/>
						<line hits="0" number="191"/>
						<line hits="0" number="192"/>
						<line hits="0" number="193"/>
						<line hits="0" number="194"/>
						<line hits="0" number="195"/>
						<line hits="0" number="196"/>
						<line hits="0" number="197"/>
						<line hits="0" number="198"/>
						<line hits="0" number="199"/>
						<line branch="true" condition-coverage="0% (0/2)" hits="0" missing-branches="202,206" number="201"/>
						<line hits="0" number="202"/>
						<line branch="true" condition-coverage="0% (0/2)" hits="0" missing-branches="204,206" number="203"/>
						<line hits="0" number="204"/>
						<line hits="0" number="206"/>
						<line hits="0" number="208"/>
						<line hits="0" number="222"/>
						<line branch="true" condition-coverage="0% (0/2)" hits="0" missing-branches="224,231" number="223"/>
						<line branch="true" condition-coverage="0% (0/2)" hits="0" missing-branches="226,229" number="224"/>
						<line hits="0" number="226"/>
						<line hits="0" number="229"/>
						<line hits="0" number="230"/>
						<line branch="true" condition-coverage="0% (0/2)" hits="0" missing-branches="239,244" number="231"/>
						<line hits="0" number="239"/>
						<line branch="true" condition-coverage="0% (0/2)" hits="0" missing-branches="241,243" number="240"/>
						<line hits="0" number="241"/>
						<line hits="0" number="242"/>
						<line hits="0" number="243"/>
						<line hits="0" number="244"/>
						<line hits="1" number="247"/>
						<line hits="0" number="248"/>
						<line hits="0" number="249"/>
						<line hits="0" number="252"/>
						<line hits="0" number="253"/>
						<line hits="0" number="254"/>
						<line hits="0" number="255"/>
						<line branch="true" condition-coverage="0% (0/2)" hits="0" missing-branches="exit,259" number="256"/>
						<line branch="true" condition-coverage="0% (0/2)" hits="0" missing-branches="261,262" number="259"/>
						<line hits="0" number="261"/>
						<line branch="true" condition-coverage="0% (0/2)" hits="0" missing-branches="263,265" number="262"/>
						<line hits="0" number="263"/>
						<line hits="0" number="265"/>
						<line hits="0" number="266"/>
						<line hits="0" number="267"/>
						<line branch="true" condition-coverage="0% (0/2)" hits="0" missing-branches="269,270" number="268"/>
						<line hits="0" number="269"/>
						<line hits="0" number="270"/>
						<line hits="0" number="271"/>
						<line hits="1" number="274"/>
						<line hits="0" number="291"/>
						<line hits="0" number="292"/>
						<line hits="0" number="293"/>
						<line hits="0" number="294"/>
						<line branch="true" condition-coverage="0% (0/2)" hits="0" missing-branches="296,306" number="295"/>
						<line hits="0" number="296"/>
						<line hits="0" number="297"/>
						<line hits="0" number="298"/>
						<line hits="0" number="299"/>
						<line hits="0" number="300"/>
						<line hits="0" number="302"/>
						<line branch="true" condition-coverage="0% (0/2)" hits="0" missing-branches="304,305" number="303"/>
						<line hits="0" number="304"/>
						<line hits="0" number="305"/>
						<line hits="0" number="306"/>
						<line hits="0" number="307"/>
						<line hits="1" number="310"/>
						<line hits="1" number="317"/>
						<line branch="true" condition-coverage="100% (2/2)" hits="1" number="320"/>
						<line hits="1" number="321"/>
						<line hits="0" number="322"/>
						<line hits="1" number="324"/>
						<line hits="0" number="325"/>
						<line hits="1" number="328"/>
						<line branch="true" condition-coverage="0% (0/2)" hits="0" missing-branches="332,336" number="331"/>
						<line hits="0" number="332"/>
						<line branch="true" condition-coverage="0% (0/2)" hits="0" missing-branches="331,334" number="333"/>
						<line hits="0" number="334"/>
						<line branch="true" condition-coverage="0% (0/2)" hits="0" missing-branches="337,340" number="336"/>
						<line hits="0" number="337"/>
						<line hits="0" number="340"/>
						<line hits="0" number="341"/>
						<line hits="0" number="343"/>
						<line hits="1" number="346"/>
						<line hits="0" number="362"/>
						<line hits="0" number="363"/>
						<line hits="0" number="364"/>
						<line branch="true" condition-coverage="0% (0/2)" hits="0" missing-branches="367,380" number="365"/>
						<line hits="0" number="367"/>
						<line branch="true" condition-coverage="0% (0/2)" hits="0" missing-branches="369,372" number="368"/>
						<line hits="0" number="369"/>
						<line hits="0" number="372"/>
						<line branch="true" condition-coverage="0% (0/2)" hits="0" missing-branches="374,378" number="373"/>
						<line hits="0" number="374"/>
						<line branch="true" condition-coverage="0% (0/2)" hits="0" missing-branches="373,376" number="375"/>
						<line hits="0" number="376"/>
						<line hits="0" number="378"/>
						<line hits="0" number="380"/>
						<line hits="1" number="383"/>
						<line branch="true" condition-coverage="0% (0/2)" hits="0" missing-branches="428,431" number="425"/>
						<line branch="true" condition-coverage="0% (0/2)" hits="0" missing-branches="exit,431" number="428"/>
						<line hits="0" number="431"/>
						<line hits="0" number="432"/>
						<line hits="0" number="435"/>
						<line branch="true" condition-coverage="0% (0/2)" hits="0" missing-branches="437,438" number="436"/>
						<line hits="0" number="437"/>
						<line branch="true" condition-coverage="0% (0/2)" hits="0" missing-branches="439,446" number="438"/>
						<line hits="0" number="439"/>
						<line hits="0" number="441"/>
						<line hits="0" number="443"/>
						<line hits="0" number="444"/>
						<line hits="0" number="446"/>
						<line hits="0" number="448"/>
						<line branch="true" condition-coverage="0% (0/2)" hits="0" missing-branches="450,463" number="449"/>
						<line hits="0" number="450"/>
						<line hits="0" number="451"/>
						<line hits="0" number="452"/>
						<line branch="true" condition-coverage="0% (0/2)" hits="0" missing-branches="455,460" number="453"/>
						<line hits="0" number="455"/>
						<line hits="0" number="456"/>
						<line hits="0" number="460"/>
						<line hits="0" number="461"/>
						<line branch="true" condition-coverage="0% (0/2)" hits="0" missing-branches="464,471" number="463"/>
						<line hits="0" number="464"/>
						<line branch="true" condition-coverage="0% (0/2)" hits="0" missing-branches="466,471" number="465"/>
						<line hits="0" number="466"/>
						<line hits="0" number="467"/>
						<line hits="0" number="468"/>
						<line hits="0" number="469"/>
						<line hits="0" number="471"/>
						<line hits="1" number="474"/>
						<line hits="0" number="485"/>
						<line branch="true" condition-coverage="0% (0/2)" hits="0" missing-branches="487,494" number="486"/>
						<line hits="0" number="487"/>
						<line hits="0" number="489"/>
						<line branch="true" condition-coverage="0% (0/2)" hits="0" missing-branches="491,493" number="490"/>
						<line hits="0" number="491"/>
						<line hits="0" number="493"/>
						<line branch="true" condition-coverage="0% (0/2)" hits="0" missing-branches="495,496" number="494"/>
						<line hits="0" number="495"/>
						<line hits="0" number="496"/>
						<line hits="0" number="498"/>
						<line hits="1" number="501"/>
						<line hits="0" number="505"/>
						<line hits="1" number="511"/>
						<line hits="1" number="517"/>
						<line hits="1" number="521"/>
						<line hits="1" number="530"/>
						<line hits="0" number="532"/>
						<line hits="0" number="533"/>
						<line hits="1" number="536"/>
						<line branch="true" condition-coverage="0% (0/2)" hits="0" missing-branches="exit,543" number="542"/>
						<line branch="true" condition-coverage="0% (0/2)" hits="0" missing-branches="542,544" number="543"/>
						<line hits="0" number="544"/>
						<line hits="1" number="547"/>
						<line hits="1" number="553"/>
						<line branch="true" condition-coverage="0% (0/2)" hits="0" missing-branches="exit,569" number="568"/>
						<line hits="0" number="569"/>
					</lines>
				</class>
				<class branch-rate="0" complexity="0" filename="mkdocs_gallery/sorting.py" line-rate="0" name="sorting.py">
					<methods/>
					<lines>
						<line hits="0" number="6"/>
						<line hits="0" number="13"/>
						<line hits="0" number="15"/>
						<line hits="0" number="16"/>
						<line hits="0" number="18"/>
						<line hits="0" number="20"/>
						<line hits="0" number="21"/>
						<line hits="0" number="23"/>
						<line hits="0" number="25"/>
						<line hits="0" number="26"/>
						<line branch="true" condition-coverage="0% (0/2)" hits="0" missing-branches="30,36" number="29"/>
						<line hits="0" number="32"/>
						<line hits="0" number="33"/>
						<line branch="true" condition-coverage="0% (0/2)" hits="0" missing-branches="37,73" number="36"/>
						<line hits="0" number="52"/>
						<line branch="true" condition-coverage="0% (0/2)" hits="0" missing-branches="54,58" number="53"/>
						<line hits="0" number="54"/>
						<line branch="true" condition-coverage="0% (0/2)" hits="0" missing-branches="exit,exit" number="58"/>
						<line hits="0" number="61"/>
						<line branch="true" condition-coverage="0% (0/2)" hits="0" missing-branches="63,65" number="62"/>
						<line hits="0" number="63"/>
						<line hits="0" number="65"/>
						<line hits="0" number="69"/>
						<line hits="0" number="70"/>
						<line branch="true" condition-coverage="0% (0/2)" hits="0" missing-branches="74,84" number="73"/>
						<line hits="0" number="76"/>
						<line hits="0" number="77"/>
						<line branch="true" condition-coverage="0% (0/2)" hits="0" missing-branches="exit,81" number="78"/>
						<line hits="0" number="81"/>
						<line branch="true" condition-coverage="0% (0/2)" hits="0" missing-branches="85,93" number="84"/>
						<line hits="0" number="87"/>
						<line hits="0" number="90"/>
						<line branch="true" condition-coverage="0% (0/2)" hits="0" missing-branches="94,100" number="93"/>
						<line hits="0" number="96"/>
						<line hits="0" number="97"/>
						<line branch="true" condition-coverage="0% (0/2)" hits="0" missing-branches="101,109" number="100"/>
						<line hits="0" number="103"/>
						<line hits="0" number="104"/>
						<line hits="0" number="105"/>
						<line hits="0" number="106"/>
						<line branch="true" condition-coverage="0% (0/2)" hits="0" missing-branches="110,135" number="109"/>
						<line hits="0" number="113"/>
						<line hits="0" number="114"/>
						<line hits="0" number="115"/>
						<line hits="0" number="116"/>
						<line hits="0" number="117"/>
						<line hits="0" number="119"/>
						<line hits="0" number="121"/>
						<line hits="0" number="123"/>
						<line branch="true" condition-coverage="0% (0/2)" hits="0" missing-branches="exit,exit" number="125"/>
						<line hits="0" number="127"/>
						<line hits="0" number="128"/>
						<line hits="0" number="129"/>
						<line hits="0" number="130"/>
						<line hits="0" number="131"/>
						<line hits="0" number="132"/>
						<line hits="0" number="135"/>
						<line hits="0" number="137"/>
					</lines>
				</class>
				<class branch-rate="0.1" complexity="0" filename="mkdocs_gallery/utils.py" line-rate="0.25" name="utils.py">
					<methods/>
					<lines>
						<line hits="1" number="6"/>
						<line hits="1" number="13"/>
						<line hits="1" number="15"/>
						<line hits="1" number="16"/>
						<line hits="1" number="17"/>
						<line hits="1" number="18"/>
						<line hits="1" number="19"/>
						<line hits="1" number="20"/>
						<line hits="1" number="22"/>
						<line hits="1" number="23"/>
						<line hits="1" number="25"/>
						<line hits="1" number="28"/>
						<line hits="0" number="29"/>
						<line hits="0" number="30"/>
						<line hits="0" number="31"/>
						<line hits="0" number="32"/>
						<line hits="0" number="33"/>
						<line hits="0" number="38"/>
						<line hits="1" number="41"/>
						<line hits="0" number="47"/>
						<line hits="0" number="48"/>
						<line hits="0" number="50"/>
						<line hits="0" number="51"/>
						<line hits="0" number="52"/>
						<line branch="true" condition-coverage="0% (0/2)" hits="0" missing-branches="55,57" number="54"/>
						<line hits="0" number="55"/>
						<line hits="0" number="57"/>
						<line branch="true" condition-coverage="0% (0/2)" hits="0" missing-branches="61,63" number="59"/>
						<line hits="0" number="61"/>
						<line hits="0" number="63"/>
						<line hits="0" number="64"/>
						<line hits="0" number="69"/>
						<line hits="0" number="74"/>
						<line hits="0" number="75"/>
						<line hits="0" number="76"/>
						<line hits="0" number="78"/>
						<line hits="0" number="79"/>
						<line hits="0" number="80"/>
						<line hits="0" number="82"/>
						<line hits="1" number="85"/>
						<line branch="true" condition-coverage="0% (0/2)" hits="0" missing-branches="100,109" number="97"/>
						<line hits="0" number="100"/>
						<line hits="0" number="101"/>
						<line hits="0" number="102"/>
						<line hits="0" number="106"/>
						<line hits="0" number="107"/>
						<line hits="0" number="109"/>
						<line hits="1" number="112"/>
						<line hits="0" number="113"/>
						<line hits="0" number="114"/>
						<line hits="0" number="117"/>
						<line hits="0" number="118"/>
						<line hits="0" number="120"/>
						<line hits="1" number="123"/>
						<line branch="true" condition-coverage="0% (0/2)" hits="0" missing-branches="144,147" number="143"/>
						<line hits="0" number="144"/>
						<line hits="0" number="147"/>
						<line hits="1" number="150"/>
						<line hits="0" number="161"/>
						<line hits="0" number="162"/>
						<line hits="0" number="163"/>
						<line branch="true" condition-coverage="0% (0/2)" hits="0" missing-branches="165,166" number="164"/>
						<line hits="0" number="165"/>
						<line hits="0" number="166"/>
						<line hits="1" number="169"/>
						<line hits="0" number="171"/>
						<line hits="0" number="172"/>
						<line hits="1" number="175"/>
						<line hits="0" number="177"/>
						<line hits="1" number="180"/>
						<line hits="0" number="194"/>
						<line hits="0" number="195"/>
						<line branch="true" condition-coverage="0% (0/2)" hits="0" missing-branches="199,202" number="197"/>
						<line hits="0" number="199"/>
						<line hits="0" number="202"/>
						<line hits="0" number="203"/>
						<line hits="0" number="205"/>
						<line hits="1" number="208"/>
						<line hits="0" number="210"/>
						<line hits="1" number="213"/>
						<line hits="0" number="226"/>
						<line hits="1" number="229"/>
						<line hits="0" number="251"/>
						<line hits="0" number="252"/>
						<line branch="true" condition-coverage="0% (0/2)" hits="0" missing-branches="255,264" number="254"/>
						<line branch="true" condition-coverage="0% (0/2)" hits="0" missing-branches="256,258" number="255"/>
						<line hits="0" number="256"/>
						<line hits="0" number="258"/>
						<line branch="true" condition-coverage="0% (0/2)" hits="0" missing-branches="261,264" number="259"/>
						<line hits="0" number="261"/>
						<line hits="0" number="264"/>
						<line hits="0" number="265"/>
						<line hits="0" number="267"/>
						<line branch="true" condition-coverage="100% (2/2)" hits="1" number="306"/>
						<line hits="1" number="309"/>
						<line hits="0" number="310"/>
						<line hits="0" number="311"/>
						<line hits="1" number="314"/>
						<line hits="0" number="316"/>
						<line hits="0" number="317"/>
						<line hits="0" number="319"/>
						<line hits="0" number="320"/>
						<line hits="0" number="321"/>
						<line hits="0" number="323"/>
					</lines>
				</class>
			</classes>
		</package>
	</packages>
</coverage>
